2022-11-23 11:17:30.837 +05:30  INF  A new Account Created with UserName Ron
2022-11-23 11:18:17.194 +05:30  DBG  Initializing Razor view compiler with compiled view: '/Views/FoodSite/CancelOrder.cshtml'.
2022-11-23 11:18:17.241 +05:30  DBG  Initializing Razor view compiler with compiled view: '/Views/FoodSite/Cart.cshtml'.
2022-11-23 11:18:17.242 +05:30  DBG  Initializing Razor view compiler with compiled view: '/Views/FoodSite/CreateAccount.cshtml'.
2022-11-23 11:18:17.242 +05:30  DBG  Initializing Razor view compiler with compiled view: '/Views/FoodSite/CustomerDetails.cshtml'.
2022-11-23 11:18:17.242 +05:30  DBG  Initializing Razor view compiler with compiled view: '/Views/FoodSite/Login.cshtml'.
2022-11-23 11:18:17.242 +05:30  DBG  Initializing Razor view compiler with compiled view: '/Views/FoodSite/Menu.cshtml'.
2022-11-23 11:18:17.242 +05:30  DBG  Initializing Razor view compiler with compiled view: '/Views/FoodSite/OrderStatus.cshtml'.
2022-11-23 11:18:17.242 +05:30  DBG  Initializing Razor view compiler with compiled view: '/Views/FoodSite/PlaceOrder.cshtml'.
2022-11-23 11:18:17.242 +05:30  DBG  Initializing Razor view compiler with compiled view: '/Views/FoodSite/Restaurants.cshtml'.
2022-11-23 11:18:17.242 +05:30  DBG  Initializing Razor view compiler with compiled view: '/Views/Home/Index.cshtml'.
2022-11-23 11:18:17.242 +05:30  DBG  Initializing Razor view compiler with compiled view: '/Views/Home/Privacy.cshtml'.
2022-11-23 11:18:17.242 +05:30  DBG  Initializing Razor view compiler with compiled view: '/Views/Shared/Error.cshtml'.
2022-11-23 11:18:17.242 +05:30  DBG  Initializing Razor view compiler with compiled view: '/Views/Shared/_Notification.cshtml'.
2022-11-23 11:18:17.242 +05:30  DBG  Initializing Razor view compiler with compiled view: '/Views/Shared/_ValidationScriptsPartial.cshtml'.
2022-11-23 11:18:17.242 +05:30  DBG  Initializing Razor view compiler with compiled view: '/Views/_ViewImports.cshtml'.
2022-11-23 11:18:17.242 +05:30  DBG  Initializing Razor view compiler with compiled view: '/Views/_ViewStart.cshtml'.
2022-11-23 11:18:17.242 +05:30  DBG  Initializing Razor view compiler with compiled view: '/Views/Shared/_Layout.cshtml'.
2022-11-23 11:18:17.257 +05:30  DBG  Registered model binder providers, in the following order: ["Microsoft.AspNetCore.Mvc.ModelBinding.Binders.BinderTypeModelBinderProvider","Microsoft.AspNetCore.Mvc.ModelBinding.Binders.ServicesModelBinderProvider","Microsoft.AspNetCore.Mvc.ModelBinding.Binders.BodyModelBinderProvider","Microsoft.AspNetCore.Mvc.ModelBinding.Binders.HeaderModelBinderProvider","Microsoft.AspNetCore.Mvc.ModelBinding.Binders.FloatingPointTypeModelBinderProvider","Microsoft.AspNetCore.Mvc.ModelBinding.Binders.EnumTypeModelBinderProvider","Microsoft.AspNetCore.Mvc.ModelBinding.Binders.DateTimeModelBinderProvider","Microsoft.AspNetCore.Mvc.ModelBinding.Binders.SimpleTypeModelBinderProvider","Microsoft.AspNetCore.Mvc.ModelBinding.Binders.CancellationTokenModelBinderProvider","Microsoft.AspNetCore.Mvc.ModelBinding.Binders.ByteArrayModelBinderProvider","Microsoft.AspNetCore.Mvc.ModelBinding.Binders.FormFileModelBinderProvider","Microsoft.AspNetCore.Mvc.ModelBinding.Binders.FormCollectionModelBinderProvider","Microsoft.AspNetCore.Mvc.ModelBinding.Binders.KeyValuePairModelBinderProvider","Microsoft.AspNetCore.Mvc.ModelBinding.Binders.DictionaryModelBinderProvider","Microsoft.AspNetCore.Mvc.ModelBinding.Binders.ArrayModelBinderProvider","Microsoft.AspNetCore.Mvc.ModelBinding.Binders.CollectionModelBinderProvider","Microsoft.AspNetCore.Mvc.ModelBinding.Binders.ComplexObjectModelBinderProvider"]
2022-11-23 11:18:17.334 +05:30  DBG  Hosting starting
2022-11-23 11:18:17.423 +05:30  INF  User profile is available. Using 'C:\Users\raksha_ganyarpawar\AppData\Local\ASP.NET\DataProtection-Keys' as key repository and Windows DPAPI to encrypt keys at rest.
2022-11-23 11:18:17.426 +05:30  DBG  Reading data from file 'C:\Users\raksha_ganyarpawar\AppData\Local\ASP.NET\DataProtection-Keys\key-79ad8948-c6a7-4098-9250-f7b29548ac6d.xml'.
2022-11-23 11:18:17.432 +05:30  DBG  Reading data from file 'C:\Users\raksha_ganyarpawar\AppData\Local\ASP.NET\DataProtection-Keys\key-fcbc33c9-fbe1-4aff-8638-219c50a28b3b.xml'.
2022-11-23 11:18:17.437 +05:30  DBG  Found key {79ad8948-c6a7-4098-9250-f7b29548ac6d}.
2022-11-23 11:18:17.440 +05:30  DBG  Found key {fcbc33c9-fbe1-4aff-8638-219c50a28b3b}.
2022-11-23 11:18:17.447 +05:30  DBG  Considering key {79ad8948-c6a7-4098-9250-f7b29548ac6d} with expiration date 2023-01-30 18:09:53Z as default key.
2022-11-23 11:18:17.448 +05:30  DBG  Forwarded activator type request from Microsoft.AspNetCore.DataProtection.XmlEncryption.DpapiXmlDecryptor, Microsoft.AspNetCore.DataProtection, Version=6.0.0.0, Culture=neutral, PublicKeyToken=adb9793829ddae60 to Microsoft.AspNetCore.DataProtection.XmlEncryption.DpapiXmlDecryptor, Microsoft.AspNetCore.DataProtection, Culture=neutral, PublicKeyToken=adb9793829ddae60
2022-11-23 11:18:17.451 +05:30  DBG  Decrypting secret element using Windows DPAPI.
2022-11-23 11:18:17.452 +05:30  DBG  Forwarded activator type request from Microsoft.AspNetCore.DataProtection.AuthenticatedEncryption.ConfigurationModel.AuthenticatedEncryptorDescriptorDeserializer, Microsoft.AspNetCore.DataProtection, Version=6.0.0.0, Culture=neutral, PublicKeyToken=adb9793829ddae60 to Microsoft.AspNetCore.DataProtection.AuthenticatedEncryption.ConfigurationModel.AuthenticatedEncryptorDescriptorDeserializer, Microsoft.AspNetCore.DataProtection, Culture=neutral, PublicKeyToken=adb9793829ddae60
2022-11-23 11:18:17.455 +05:30  DBG  Opening CNG algorithm 'AES' from provider 'null' with chaining mode CBC.
2022-11-23 11:18:17.457 +05:30  DBG  Opening CNG algorithm 'SHA256' from provider 'null' with HMAC.
2022-11-23 11:18:17.460 +05:30  DBG  Using key {79ad8948-c6a7-4098-9250-f7b29548ac6d} as the default key.
2022-11-23 11:18:17.460 +05:30  DBG  Key ring with default key {79ad8948-c6a7-4098-9250-f7b29548ac6d} was loaded during application startup.
2022-11-23 11:18:17.659 +05:30  DBG  Using development certificate: CN=localhost (Thumbprint: 4C51C087C884AD5F8F0F2241CBD89F90FD775F40)
2022-11-23 11:18:17.769 +05:30  INF  Now listening on: https://localhost:7119
2022-11-23 11:18:17.769 +05:30  INF  Now listening on: http://localhost:5119
2022-11-23 11:18:17.769 +05:30  DBG  Loaded hosting startup assembly FoodDeliveryApplication
2022-11-23 11:18:17.769 +05:30  DBG  Loaded hosting startup assembly Microsoft.AspNetCore.Watch.BrowserRefresh
2022-11-23 11:18:17.769 +05:30  DBG  Loaded hosting startup assembly Microsoft.WebTools.BrowserLink.Net
2022-11-23 11:18:17.769 +05:30  INF  Application started. Press Ctrl+C to shut down.
2022-11-23 11:18:17.769 +05:30  INF  Hosting environment: Development
2022-11-23 11:18:17.769 +05:30  INF  Content root path: C:\Users\raksha_ganyarpawar\source\repos\FoodDeliveryApplication\FoodDeliveryApplication\
2022-11-23 11:18:17.769 +05:30  DBG  Hosting started
2022-11-23 11:18:18.219 +05:30  DBG  Connection id "0HMMD2P96PF61" accepted.
2022-11-23 11:18:18.219 +05:30  DBG  Connection id "0HMMD2P96PF61" started.
2022-11-23 11:18:18.221 +05:30  DBG  Connection id "0HMMD2P96PF62" accepted.
2022-11-23 11:18:18.221 +05:30  DBG  Connection id "0HMMD2P96PF62" started.
2022-11-23 11:18:18.238 +05:30  DBG  Connection id "0HMMD2P96PF62" received FIN.
2022-11-23 11:18:18.238 +05:30  DBG  Connection id "0HMMD2P96PF61" received FIN.
2022-11-23 11:18:18.242 +05:30  DBG  Failed to authenticate HTTPS connection.System.IO.IOException:  Received an unexpected EOF or 0 bytes from the transport stream.
   at System.Net.Security.SslStream.<FillHandshakeBufferAsync>g__InternalFillHandshakeBufferAsync|189_0[TIOAdapter](TIOAdapter adap, ValueTask`1 task, Int32 minSize)
   at System.Net.Security.SslStream.ReceiveBlobAsync[TIOAdapter](TIOAdapter adapter)
   at System.Net.Security.SslStream.ForceAuthenticationAsync[TIOAdapter](TIOAdapter adapter, Boolean receiveFirst, Byte[] reAuthenticationData, Boolean isApm)
   at Microsoft.AspNetCore.Server.Kestrel.Https.Internal.HttpsConnectionMiddleware.OnConnectionAsync(ConnectionContext context)

2022-11-23 11:18:18.242 +05:30  DBG  Failed to authenticate HTTPS connection.System.IO.IOException:  Received an unexpected EOF or 0 bytes from the transport stream.
   at System.Net.Security.SslStream.<FillHandshakeBufferAsync>g__InternalFillHandshakeBufferAsync|189_0[TIOAdapter](TIOAdapter adap, ValueTask`1 task, Int32 minSize)
   at System.Net.Security.SslStream.ReceiveBlobAsync[TIOAdapter](TIOAdapter adapter)
   at System.Net.Security.SslStream.ForceAuthenticationAsync[TIOAdapter](TIOAdapter adapter, Boolean receiveFirst, Byte[] reAuthenticationData, Boolean isApm)
   at Microsoft.AspNetCore.Server.Kestrel.Https.Internal.HttpsConnectionMiddleware.OnConnectionAsync(ConnectionContext context)

2022-11-23 11:18:18.296 +05:30  DBG  Connection id "0HMMD2P96PF62" stopped.
2022-11-23 11:18:18.296 +05:30  DBG  Connection id "0HMMD2P96PF61" stopped.
2022-11-23 11:18:18.297 +05:30  DBG  Connection id "0HMMD2P96PF62" sending FIN because: "The Socket transport's send loop completed gracefully."
2022-11-23 11:18:18.297 +05:30  DBG  Connection id "0HMMD2P96PF61" sending FIN because: "The Socket transport's send loop completed gracefully."
2022-11-23 11:18:19.675 +05:30  DBG  Connection id "0HMMD2P96PF63" accepted.
2022-11-23 11:18:19.675 +05:30  DBG  Connection id "0HMMD2P96PF63" started.
2022-11-23 11:18:19.826 +05:30  DBG  Connection 0HMMD2P96PF63 established using the following protocol: "Tls13"
2022-11-23 11:18:19.944 +05:30  INF  Request starting HTTP/2 GET https://localhost:7119/ - -
2022-11-23 11:18:19.994 +05:30  DBG  Wildcard detected, all requests with hosts will be allowed.
2022-11-23 11:18:19.997 +05:30  DBG  The request path / does not match a supported file type
2022-11-23 11:18:20.053 +05:30  DBG  1 candidate(s) found for the request path '/'
2022-11-23 11:18:20.064 +05:30  DBG  Endpoint 'FoodDeliveryApplication.Controllers.HomeController.Index (FoodDeliveryApplication)' with route pattern '{controller=Home}/{action=Index}/{id?}' is valid for the request path '/'
2022-11-23 11:18:20.065 +05:30  DBG  Request matched endpoint 'FoodDeliveryApplication.Controllers.HomeController.Index (FoodDeliveryApplication)'
2022-11-23 11:18:20.071 +05:30  INF  Executing endpoint 'FoodDeliveryApplication.Controllers.HomeController.Index (FoodDeliveryApplication)'
2022-11-23 11:18:20.119 +05:30  INF  Route matched with {action = "Index", controller = "Home"}. Executing controller action with signature Microsoft.AspNetCore.Mvc.IActionResult Index() on controller FoodDeliveryApplication.Controllers.HomeController (FoodDeliveryApplication).
2022-11-23 11:18:20.120 +05:30  DBG  Execution plan of authorization filters (in the following order): ["None"]
2022-11-23 11:18:20.121 +05:30  DBG  Execution plan of resource filters (in the following order): ["Microsoft.AspNetCore.Mvc.ViewFeatures.Filters.SaveTempDataFilter"]
2022-11-23 11:18:20.121 +05:30  DBG  Execution plan of action filters (in the following order): ["Microsoft.AspNetCore.Mvc.Filters.ControllerActionFilter (Order: -2147483648)","Microsoft.AspNetCore.Mvc.ModelBinding.UnsupportedContentTypeFilter (Order: -3000)"]
2022-11-23 11:18:20.121 +05:30  DBG  Execution plan of exception filters (in the following order): ["None"]
2022-11-23 11:18:20.121 +05:30  DBG  Execution plan of result filters (in the following order): ["Microsoft.AspNetCore.Mvc.ViewFeatures.Filters.SaveTempDataFilter"]
2022-11-23 11:18:20.124 +05:30  DBG  Executing controller factory for controller FoodDeliveryApplication.Controllers.HomeController (FoodDeliveryApplication)
2022-11-23 11:18:20.125 +05:30  DBG  Executed controller factory for controller FoodDeliveryApplication.Controllers.HomeController (FoodDeliveryApplication)
2022-11-23 11:18:20.130 +05:30  DBG  View lookup cache miss for view 'Index' in controller 'Home'.
2022-11-23 11:18:20.139 +05:30  INF  Executing ViewResult, running view Index.
2022-11-23 11:18:20.147 +05:30  DBG  The view path '/Views/Home/Index.cshtml' was found in 9.2627ms.
2022-11-23 11:18:20.194 +05:30  DBG  View lookup cache miss for view '_Layout' in controller 'Home'.
2022-11-23 11:18:20.251 +05:30  DBG  Found the endpoints ["Route: {controller=Home}/{action=Index}/{id?}"] for address Microsoft.AspNetCore.Routing.RouteValuesAddress
2022-11-23 11:18:20.258 +05:30  DBG  Successfully processed template {controller=Home}/{action=Index}/{id?} for Route: {controller=Home}/{action=Index}/{id?} resulting in  and 
2022-11-23 11:18:20.259 +05:30  DBG  Link generation succeeded for endpoints ["Route: {controller=Home}/{action=Index}/{id?}"] with result /
2022-11-23 11:18:20.260 +05:30  DBG  Found the endpoints ["Route: {controller=Home}/{action=Index}/{id?}"] for address Microsoft.AspNetCore.Routing.RouteValuesAddress
2022-11-23 11:18:20.261 +05:30  DBG  Successfully processed template {controller=Home}/{action=Index}/{id?} for Route: {controller=Home}/{action=Index}/{id?} resulting in  and 
2022-11-23 11:18:20.261 +05:30  DBG  Link generation succeeded for endpoints ["Route: {controller=Home}/{action=Index}/{id?}"] with result /
2022-11-23 11:18:20.261 +05:30  DBG  Found the endpoints ["Route: {controller=Home}/{action=Index}/{id?}"] for address Microsoft.AspNetCore.Routing.RouteValuesAddress
2022-11-23 11:18:20.262 +05:30  DBG  Successfully processed template {controller=Home}/{action=Index}/{id?} for Route: {controller=Home}/{action=Index}/{id?} resulting in /FoodSite/CreateAccount and 
2022-11-23 11:18:20.262 +05:30  DBG  Link generation succeeded for endpoints ["Route: {controller=Home}/{action=Index}/{id?}"] with result /FoodSite/CreateAccount
2022-11-23 11:18:20.262 +05:30  DBG  Found the endpoints ["Route: {controller=Home}/{action=Index}/{id?}"] for address Microsoft.AspNetCore.Routing.RouteValuesAddress
2022-11-23 11:18:20.262 +05:30  DBG  Successfully processed template {controller=Home}/{action=Index}/{id?} for Route: {controller=Home}/{action=Index}/{id?} resulting in /FoodSite/Login and 
2022-11-23 11:18:20.263 +05:30  DBG  Link generation succeeded for endpoints ["Route: {controller=Home}/{action=Index}/{id?}"] with result /FoodSite/Login
2022-11-23 11:18:20.266 +05:30  DBG  View lookup cache miss for view '_Notification' in controller 'Home'.
2022-11-23 11:18:20.270 +05:30  DBG  The temp data cookie .AspNetCore.Mvc.CookieTempDataProvider was not found.
2022-11-23 11:18:20.271 +05:30  DBG  Found the endpoints ["Route: {controller=Home}/{action=Index}/{id?}"] for address Microsoft.AspNetCore.Routing.RouteValuesAddress
2022-11-23 11:18:20.271 +05:30  DBG  Successfully processed template {controller=Home}/{action=Index}/{id?} for Route: {controller=Home}/{action=Index}/{id?} resulting in /Home/Privacy and 
2022-11-23 11:18:20.271 +05:30  DBG  Link generation succeeded for endpoints ["Route: {controller=Home}/{action=Index}/{id?}"] with result /Home/Privacy
2022-11-23 11:18:20.512 +05:30  INF  Executed ViewResult - view Index executed in 382.9255ms.
2022-11-23 11:18:20.518 +05:30  INF  Executed action FoodDeliveryApplication.Controllers.HomeController.Index (FoodDeliveryApplication) in 396.9022ms
2022-11-23 11:18:20.519 +05:30  INF  Executed endpoint 'FoodDeliveryApplication.Controllers.HomeController.Index (FoodDeliveryApplication)'
2022-11-23 11:18:20.526 +05:30  DBG  Response markup is scheduled to include browser refresh script injection.
2022-11-23 11:18:20.549 +05:30  DBG  Response markup was updated to include browser refresh script injection.
2022-11-23 11:18:20.555 +05:30  INF  Request finished HTTP/2 GET https://localhost:7119/ - - - 200 - text/html;+charset=utf-8 626.7061ms
2022-11-23 11:18:20.596 +05:30  INF  Request starting HTTP/2 GET https://localhost:7119/_framework/aspnetcore-browser-refresh.js - -
2022-11-23 11:18:20.597 +05:30  INF  Request starting HTTP/2 GET https://localhost:7119/_vs/browserLink - -
2022-11-23 11:18:20.600 +05:30  INF  Request finished HTTP/2 GET https://localhost:7119/_framework/aspnetcore-browser-refresh.js - - - 200 12016 application/javascript;+charset=utf-8 4.3444ms
2022-11-23 11:18:20.636 +05:30  INF  Request finished HTTP/2 GET https://localhost:7119/_vs/browserLink - - - 200 - text/javascript;+charset=UTF-8 38.7195ms
2022-11-23 11:18:22.908 +05:30  INF  Request starting HTTP/2 GET https://localhost:7119/FoodSite/CreateAccount - -
2022-11-23 11:18:22.908 +05:30  DBG  The request path /FoodSite/CreateAccount does not match a supported file type
2022-11-23 11:18:22.910 +05:30  DBG  1 candidate(s) found for the request path '/FoodSite/CreateAccount'
2022-11-23 11:18:22.911 +05:30  DBG  Endpoint 'FoodDeliveryApplication.Controllers.FoodSiteController.CreateAccount (FoodDeliveryApplication)' with route pattern '{controller=Home}/{action=Index}/{id?}' is valid for the request path '/FoodSite/CreateAccount'
2022-11-23 11:18:22.911 +05:30  DBG  Request matched endpoint 'FoodDeliveryApplication.Controllers.FoodSiteController.CreateAccount (FoodDeliveryApplication)'
2022-11-23 11:18:22.911 +05:30  INF  Executing endpoint 'FoodDeliveryApplication.Controllers.FoodSiteController.CreateAccount (FoodDeliveryApplication)'
2022-11-23 11:18:22.912 +05:30  INF  Route matched with {action = "CreateAccount", controller = "FoodSite"}. Executing controller action with signature Microsoft.AspNetCore.Mvc.IActionResult CreateAccount() on controller FoodDeliveryApplication.Controllers.FoodSiteController (FoodDeliveryApplication).
2022-11-23 11:18:22.912 +05:30  DBG  Execution plan of authorization filters (in the following order): ["None"]
2022-11-23 11:18:22.912 +05:30  DBG  Execution plan of resource filters (in the following order): ["Microsoft.AspNetCore.Mvc.ViewFeatures.Filters.SaveTempDataFilter"]
2022-11-23 11:18:22.912 +05:30  DBG  Execution plan of action filters (in the following order): ["Microsoft.AspNetCore.Mvc.Filters.ControllerActionFilter (Order: -2147483648)","Microsoft.AspNetCore.Mvc.ModelBinding.UnsupportedContentTypeFilter (Order: -3000)"]
2022-11-23 11:18:22.912 +05:30  DBG  Execution plan of exception filters (in the following order): ["FoodDeliveryApplication.CustomExceptionFilter"]
2022-11-23 11:18:22.912 +05:30  DBG  Execution plan of result filters (in the following order): ["Microsoft.AspNetCore.Mvc.ViewFeatures.Filters.SaveTempDataFilter"]
2022-11-23 11:18:22.912 +05:30  DBG  Executing controller factory for controller FoodDeliveryApplication.Controllers.FoodSiteController (FoodDeliveryApplication)
2022-11-23 11:18:22.912 +05:30  DBG  Executed controller factory for controller FoodDeliveryApplication.Controllers.FoodSiteController (FoodDeliveryApplication)
2022-11-23 11:18:22.913 +05:30  DBG  View lookup cache miss for view 'CreateAccount' in controller 'FoodSite'.
2022-11-23 11:18:22.913 +05:30  INF  Executing ViewResult, running view CreateAccount.
2022-11-23 11:18:22.914 +05:30  DBG  The view path '/Views/FoodSite/CreateAccount.cshtml' was found in 0.7977ms.
2022-11-23 11:18:22.918 +05:30  DBG  A new antiforgery cookie token was created.
2022-11-23 11:18:22.968 +05:30  DBG  Found the endpoints ["Route: {controller=Home}/{action=Index}/{id?}"] for address Microsoft.AspNetCore.Routing.RouteValuesAddress
2022-11-23 11:18:22.968 +05:30  DBG  Successfully processed template {controller=Home}/{action=Index}/{id?} for Route: {controller=Home}/{action=Index}/{id?} resulting in /FoodSite/Login and 
2022-11-23 11:18:22.968 +05:30  DBG  Link generation succeeded for endpoints ["Route: {controller=Home}/{action=Index}/{id?}"] with result /FoodSite/Login
2022-11-23 11:18:22.969 +05:30  DBG  View lookup cache miss for view '_Layout' in controller 'FoodSite'.
2022-11-23 11:18:22.970 +05:30  DBG  Found the endpoints ["Route: {controller=Home}/{action=Index}/{id?}"] for address Microsoft.AspNetCore.Routing.RouteValuesAddress
2022-11-23 11:18:22.970 +05:30  DBG  Successfully processed template {controller=Home}/{action=Index}/{id?} for Route: {controller=Home}/{action=Index}/{id?} resulting in  and 
2022-11-23 11:18:22.970 +05:30  DBG  Link generation succeeded for endpoints ["Route: {controller=Home}/{action=Index}/{id?}"] with result /
2022-11-23 11:18:22.970 +05:30  DBG  Found the endpoints ["Route: {controller=Home}/{action=Index}/{id?}"] for address Microsoft.AspNetCore.Routing.RouteValuesAddress
2022-11-23 11:18:22.970 +05:30  DBG  Successfully processed template {controller=Home}/{action=Index}/{id?} for Route: {controller=Home}/{action=Index}/{id?} resulting in  and 
2022-11-23 11:18:22.970 +05:30  DBG  Link generation succeeded for endpoints ["Route: {controller=Home}/{action=Index}/{id?}"] with result /
2022-11-23 11:18:22.970 +05:30  DBG  Found the endpoints ["Route: {controller=Home}/{action=Index}/{id?}"] for address Microsoft.AspNetCore.Routing.RouteValuesAddress
2022-11-23 11:18:22.970 +05:30  DBG  Successfully processed template {controller=Home}/{action=Index}/{id?} for Route: {controller=Home}/{action=Index}/{id?} resulting in /FoodSite/CreateAccount and 
2022-11-23 11:18:22.970 +05:30  DBG  Link generation succeeded for endpoints ["Route: {controller=Home}/{action=Index}/{id?}"] with result /FoodSite/CreateAccount
2022-11-23 11:18:22.970 +05:30  DBG  Found the endpoints ["Route: {controller=Home}/{action=Index}/{id?}"] for address Microsoft.AspNetCore.Routing.RouteValuesAddress
2022-11-23 11:18:22.970 +05:30  DBG  Successfully processed template {controller=Home}/{action=Index}/{id?} for Route: {controller=Home}/{action=Index}/{id?} resulting in /FoodSite/Login and 
2022-11-23 11:18:22.970 +05:30  DBG  Link generation succeeded for endpoints ["Route: {controller=Home}/{action=Index}/{id?}"] with result /FoodSite/Login
2022-11-23 11:18:22.970 +05:30  DBG  View lookup cache miss for view '_Notification' in controller 'FoodSite'.
2022-11-23 11:18:22.970 +05:30  DBG  The temp data cookie .AspNetCore.Mvc.CookieTempDataProvider was not found.
2022-11-23 11:18:22.971 +05:30  DBG  Found the endpoints ["Route: {controller=Home}/{action=Index}/{id?}"] for address Microsoft.AspNetCore.Routing.RouteValuesAddress
2022-11-23 11:18:22.971 +05:30  DBG  Successfully processed template {controller=Home}/{action=Index}/{id?} for Route: {controller=Home}/{action=Index}/{id?} resulting in /Home/Privacy and 
2022-11-23 11:18:22.971 +05:30  DBG  Link generation succeeded for endpoints ["Route: {controller=Home}/{action=Index}/{id?}"] with result /Home/Privacy
2022-11-23 11:18:22.976 +05:30  INF  Executed ViewResult - view CreateAccount executed in 62.8543ms.
2022-11-23 11:18:22.976 +05:30  INF  Executed action FoodDeliveryApplication.Controllers.FoodSiteController.CreateAccount (FoodDeliveryApplication) in 63.7179ms
2022-11-23 11:18:22.976 +05:30  INF  Executed endpoint 'FoodDeliveryApplication.Controllers.FoodSiteController.CreateAccount (FoodDeliveryApplication)'
2022-11-23 11:18:22.977 +05:30  DBG  Response markup is scheduled to include browser refresh script injection.
2022-11-23 11:18:22.978 +05:30  DBG  Response markup was updated to include browser refresh script injection.
2022-11-23 11:18:22.978 +05:30  INF  Request finished HTTP/2 GET https://localhost:7119/FoodSite/CreateAccount - - - 200 - text/html;+charset=utf-8 70.0453ms
2022-11-23 11:18:23.005 +05:30  INF  Request starting HTTP/2 GET https://localhost:7119/_framework/aspnetcore-browser-refresh.js - -
2022-11-23 11:18:23.005 +05:30  INF  Request starting HTTP/2 GET https://localhost:7119/_vs/browserLink - -
2022-11-23 11:18:23.006 +05:30  INF  Request finished HTTP/2 GET https://localhost:7119/_framework/aspnetcore-browser-refresh.js - - - 200 12016 application/javascript;+charset=utf-8 0.5738ms
2022-11-23 11:18:23.010 +05:30  INF  Request finished HTTP/2 GET https://localhost:7119/_vs/browserLink - - - 200 - text/javascript;+charset=UTF-8 5.2055ms
2022-11-23 11:18:43.393 +05:30  INF  Request starting HTTP/2 POST https://localhost:7119/FoodSite/CreateAccount application/x-www-form-urlencoded 231
2022-11-23 11:18:43.394 +05:30  DBG  POST requests are not supported
2022-11-23 11:18:43.397 +05:30  DBG  2 candidate(s) found for the request path '/FoodSite/CreateAccount'
2022-11-23 11:18:43.397 +05:30  DBG  Endpoint 'FoodDeliveryApplication.Controllers.FoodSiteController.CreateAccount (FoodDeliveryApplication)' with route pattern '{controller=Home}/{action=Index}/{id?}' is valid for the request path '/FoodSite/CreateAccount'
2022-11-23 11:18:43.398 +05:30  DBG  Endpoint 'FoodDeliveryApplication.Controllers.FoodSiteController.CreateAccount (FoodDeliveryApplication)' with route pattern '{controller=Home}/{action=Index}/{id?}' is valid for the request path '/FoodSite/CreateAccount'
2022-11-23 11:18:43.398 +05:30  DBG  Request matched endpoint 'FoodDeliveryApplication.Controllers.FoodSiteController.CreateAccount (FoodDeliveryApplication)'
2022-11-23 11:18:43.399 +05:30  INF  Executing endpoint 'FoodDeliveryApplication.Controllers.FoodSiteController.CreateAccount (FoodDeliveryApplication)'
2022-11-23 11:18:43.408 +05:30  INF  Route matched with {action = "CreateAccount", controller = "FoodSite"}. Executing controller action with signature Microsoft.AspNetCore.Mvc.IActionResult CreateAccount(FoodDeliveryApplication.Models.SignUp) on controller FoodDeliveryApplication.Controllers.FoodSiteController (FoodDeliveryApplication).
2022-11-23 11:18:43.408 +05:30  DBG  Execution plan of authorization filters (in the following order): ["None"]
2022-11-23 11:18:43.408 +05:30  DBG  Execution plan of resource filters (in the following order): ["Microsoft.AspNetCore.Mvc.ViewFeatures.Filters.SaveTempDataFilter"]
2022-11-23 11:18:43.408 +05:30  DBG  Execution plan of action filters (in the following order): ["Microsoft.AspNetCore.Mvc.Filters.ControllerActionFilter (Order: -2147483648)","Microsoft.AspNetCore.Mvc.ModelBinding.UnsupportedContentTypeFilter (Order: -3000)"]
2022-11-23 11:18:43.408 +05:30  DBG  Execution plan of exception filters (in the following order): ["FoodDeliveryApplication.CustomExceptionFilter"]
2022-11-23 11:18:43.408 +05:30  DBG  Execution plan of result filters (in the following order): ["Microsoft.AspNetCore.Mvc.ViewFeatures.Filters.SaveTempDataFilter"]
2022-11-23 11:18:43.408 +05:30  DBG  Executing controller factory for controller FoodDeliveryApplication.Controllers.FoodSiteController (FoodDeliveryApplication)
2022-11-23 11:18:43.408 +05:30  DBG  Executed controller factory for controller FoodDeliveryApplication.Controllers.FoodSiteController (FoodDeliveryApplication)
2022-11-23 11:18:43.410 +05:30  DBG  Connection id "0HMMD2P96PF63", Request id "0HMMD2P96PF63:0000000D": started reading request body.
2022-11-23 11:18:43.410 +05:30  DBG  Connection id "0HMMD2P96PF63", Request id "0HMMD2P96PF63:0000000D": done reading request body.
2022-11-23 11:18:43.411 +05:30  DBG  Attempting to bind parameter 'signup' of type 'FoodDeliveryApplication.Models.SignUp' ...
2022-11-23 11:18:43.413 +05:30  DBG  Attempting to bind parameter 'signup' of type 'FoodDeliveryApplication.Models.SignUp' using the name '' in request data ...
2022-11-23 11:18:43.415 +05:30  DBG  Attempting to bind property 'FoodDeliveryApplication.Models.SignUp.UserName' of type 'System.String' using the name 'UserName' in request data ...
2022-11-23 11:18:43.415 +05:30  DBG  Done attempting to bind property 'FoodDeliveryApplication.Models.SignUp.UserName' of type 'System.String'.
2022-11-23 11:18:43.416 +05:30  DBG  Attempting to bind property 'FoodDeliveryApplication.Models.SignUp.Email' of type 'System.String' using the name 'Email' in request data ...
2022-11-23 11:18:43.416 +05:30  DBG  Done attempting to bind property 'FoodDeliveryApplication.Models.SignUp.Email' of type 'System.String'.
2022-11-23 11:18:43.416 +05:30  DBG  Attempting to bind property 'FoodDeliveryApplication.Models.SignUp.Password' of type 'System.String' using the name 'Password' in request data ...
2022-11-23 11:18:43.416 +05:30  DBG  Done attempting to bind property 'FoodDeliveryApplication.Models.SignUp.Password' of type 'System.String'.
2022-11-23 11:18:43.416 +05:30  DBG  Done attempting to bind parameter 'signup' of type 'FoodDeliveryApplication.Models.SignUp'.
2022-11-23 11:18:43.416 +05:30  DBG  Done attempting to bind parameter 'signup' of type 'FoodDeliveryApplication.Models.SignUp'.
2022-11-23 11:18:43.416 +05:30  DBG  Attempting to validate the bound parameter 'signup' of type 'FoodDeliveryApplication.Models.SignUp' ...
2022-11-23 11:18:43.419 +05:30  DBG  Done attempting to validate the bound parameter 'signup' of type 'FoodDeliveryApplication.Models.SignUp'.
2022-11-23 11:18:43.615 +05:30  INF  A new Account Created with UserName Tom
2022-11-23 11:18:43.615 +05:30  DBG  View lookup cache miss for view 'Login' in controller 'FoodSite'.
2022-11-23 11:18:43.616 +05:30  INF  Executing ViewResult, running view Login.
2022-11-23 11:18:43.616 +05:30  DBG  The view path '/Views/FoodSite/Login.cshtml' was found in 0.4345ms.
2022-11-23 11:18:43.617 +05:30  DBG  An antiforgery cookie token was reused.
2022-11-23 11:18:43.624 +05:30  DBG  Found the endpoints ["Route: {controller=Home}/{action=Index}/{id?}"] for address Microsoft.AspNetCore.Routing.RouteValuesAddress
2022-11-23 11:18:43.624 +05:30  DBG  Successfully processed template {controller=Home}/{action=Index}/{id?} for Route: {controller=Home}/{action=Index}/{id?} resulting in /FoodSite/CreateAccount and 
2022-11-23 11:18:43.624 +05:30  DBG  Link generation succeeded for endpoints ["Route: {controller=Home}/{action=Index}/{id?}"] with result /FoodSite/CreateAccount
2022-11-23 11:18:43.624 +05:30  DBG  View lookup cache hit for view '_Layout' in controller 'FoodSite'.
2022-11-23 11:18:43.624 +05:30  DBG  Found the endpoints ["Route: {controller=Home}/{action=Index}/{id?}"] for address Microsoft.AspNetCore.Routing.RouteValuesAddress
2022-11-23 11:18:43.624 +05:30  DBG  Successfully processed template {controller=Home}/{action=Index}/{id?} for Route: {controller=Home}/{action=Index}/{id?} resulting in  and 
2022-11-23 11:18:43.624 +05:30  DBG  Link generation succeeded for endpoints ["Route: {controller=Home}/{action=Index}/{id?}"] with result /
2022-11-23 11:18:43.624 +05:30  DBG  Found the endpoints ["Route: {controller=Home}/{action=Index}/{id?}"] for address Microsoft.AspNetCore.Routing.RouteValuesAddress
2022-11-23 11:18:43.624 +05:30  DBG  Successfully processed template {controller=Home}/{action=Index}/{id?} for Route: {controller=Home}/{action=Index}/{id?} resulting in  and 
2022-11-23 11:18:43.625 +05:30  DBG  Link generation succeeded for endpoints ["Route: {controller=Home}/{action=Index}/{id?}"] with result /
2022-11-23 11:18:43.625 +05:30  DBG  Found the endpoints ["Route: {controller=Home}/{action=Index}/{id?}"] for address Microsoft.AspNetCore.Routing.RouteValuesAddress
2022-11-23 11:18:43.625 +05:30  DBG  Successfully processed template {controller=Home}/{action=Index}/{id?} for Route: {controller=Home}/{action=Index}/{id?} resulting in /FoodSite/CreateAccount and 
2022-11-23 11:18:43.625 +05:30  DBG  Link generation succeeded for endpoints ["Route: {controller=Home}/{action=Index}/{id?}"] with result /FoodSite/CreateAccount
2022-11-23 11:18:43.625 +05:30  DBG  Found the endpoints ["Route: {controller=Home}/{action=Index}/{id?}"] for address Microsoft.AspNetCore.Routing.RouteValuesAddress
2022-11-23 11:18:43.625 +05:30  DBG  Successfully processed template {controller=Home}/{action=Index}/{id?} for Route: {controller=Home}/{action=Index}/{id?} resulting in /FoodSite/Login and 
2022-11-23 11:18:43.625 +05:30  DBG  Link generation succeeded for endpoints ["Route: {controller=Home}/{action=Index}/{id?}"] with result /FoodSite/Login
2022-11-23 11:18:43.625 +05:30  DBG  View lookup cache hit for view '_Notification' in controller 'FoodSite'.
2022-11-23 11:18:43.625 +05:30  DBG  The temp data cookie .AspNetCore.Mvc.CookieTempDataProvider was not found.
2022-11-23 11:18:43.625 +05:30  DBG  Found the endpoints ["Route: {controller=Home}/{action=Index}/{id?}"] for address Microsoft.AspNetCore.Routing.RouteValuesAddress
2022-11-23 11:18:43.625 +05:30  DBG  Successfully processed template {controller=Home}/{action=Index}/{id?} for Route: {controller=Home}/{action=Index}/{id?} resulting in /Home/Privacy and 
2022-11-23 11:18:43.625 +05:30  DBG  Link generation succeeded for endpoints ["Route: {controller=Home}/{action=Index}/{id?}"] with result /Home/Privacy
2022-11-23 11:18:43.628 +05:30  INF  Executed ViewResult - view Login executed in 13.2173ms.
2022-11-23 11:18:43.629 +05:30  INF  Executed action FoodDeliveryApplication.Controllers.FoodSiteController.CreateAccount (FoodDeliveryApplication) in 221.0147ms
2022-11-23 11:18:43.629 +05:30  INF  Executed endpoint 'FoodDeliveryApplication.Controllers.FoodSiteController.CreateAccount (FoodDeliveryApplication)'
2022-11-23 11:18:43.629 +05:30  DBG  Response markup is scheduled to include browser refresh script injection.
2022-11-23 11:18:43.630 +05:30  DBG  Response markup was updated to include browser refresh script injection.
2022-11-23 11:18:43.630 +05:30  INF  Request finished HTTP/2 POST https://localhost:7119/FoodSite/CreateAccount application/x-www-form-urlencoded 231 - 200 - text/html;+charset=utf-8 236.3343ms
2022-11-23 11:18:43.650 +05:30  INF  Request starting HTTP/2 GET https://localhost:7119/_vs/browserLink - -
2022-11-23 11:18:43.656 +05:30  INF  Request finished HTTP/2 GET https://localhost:7119/_vs/browserLink - - - 200 - text/javascript;+charset=UTF-8 6.0379ms
2022-11-23 11:18:43.663 +05:30  INF  Request starting HTTP/2 GET https://localhost:7119/_framework/aspnetcore-browser-refresh.js - -
2022-11-23 11:18:43.663 +05:30  INF  Request finished HTTP/2 GET https://localhost:7119/_framework/aspnetcore-browser-refresh.js - - - 200 12016 application/javascript;+charset=utf-8 0.2095ms
2022-11-23 11:18:45.495 +05:30  INF  Request starting HTTP/2 POST https://localhost:7119/FoodSite/CreateAccount application/x-www-form-urlencoded 209
2022-11-23 11:18:45.496 +05:30  DBG  POST requests are not supported
2022-11-23 11:18:45.496 +05:30  DBG  2 candidate(s) found for the request path '/FoodSite/CreateAccount'
2022-11-23 11:18:45.496 +05:30  DBG  Endpoint 'FoodDeliveryApplication.Controllers.FoodSiteController.CreateAccount (FoodDeliveryApplication)' with route pattern '{controller=Home}/{action=Index}/{id?}' is valid for the request path '/FoodSite/CreateAccount'
2022-11-23 11:18:45.496 +05:30  DBG  Endpoint 'FoodDeliveryApplication.Controllers.FoodSiteController.CreateAccount (FoodDeliveryApplication)' with route pattern '{controller=Home}/{action=Index}/{id?}' is valid for the request path '/FoodSite/CreateAccount'
2022-11-23 11:18:45.496 +05:30  DBG  Request matched endpoint 'FoodDeliveryApplication.Controllers.FoodSiteController.CreateAccount (FoodDeliveryApplication)'
2022-11-23 11:18:45.496 +05:30  INF  Executing endpoint 'FoodDeliveryApplication.Controllers.FoodSiteController.CreateAccount (FoodDeliveryApplication)'
2022-11-23 11:18:45.496 +05:30  INF  Route matched with {action = "CreateAccount", controller = "FoodSite"}. Executing controller action with signature Microsoft.AspNetCore.Mvc.IActionResult CreateAccount(FoodDeliveryApplication.Models.SignUp) on controller FoodDeliveryApplication.Controllers.FoodSiteController (FoodDeliveryApplication).
2022-11-23 11:18:45.496 +05:30  DBG  Execution plan of authorization filters (in the following order): ["None"]
2022-11-23 11:18:45.496 +05:30  DBG  Execution plan of resource filters (in the following order): ["Microsoft.AspNetCore.Mvc.ViewFeatures.Filters.SaveTempDataFilter"]
2022-11-23 11:18:45.496 +05:30  DBG  Execution plan of action filters (in the following order): ["Microsoft.AspNetCore.Mvc.Filters.ControllerActionFilter (Order: -2147483648)","Microsoft.AspNetCore.Mvc.ModelBinding.UnsupportedContentTypeFilter (Order: -3000)"]
2022-11-23 11:18:45.496 +05:30  DBG  Execution plan of exception filters (in the following order): ["FoodDeliveryApplication.CustomExceptionFilter"]
2022-11-23 11:18:45.496 +05:30  DBG  Execution plan of result filters (in the following order): ["Microsoft.AspNetCore.Mvc.ViewFeatures.Filters.SaveTempDataFilter"]
2022-11-23 11:18:45.496 +05:30  DBG  Executing controller factory for controller FoodDeliveryApplication.Controllers.FoodSiteController (FoodDeliveryApplication)
2022-11-23 11:18:45.496 +05:30  DBG  Executed controller factory for controller FoodDeliveryApplication.Controllers.FoodSiteController (FoodDeliveryApplication)
2022-11-23 11:18:45.496 +05:30  DBG  Connection id "0HMMD2P96PF63", Request id "0HMMD2P96PF63:00000013": started reading request body.
2022-11-23 11:18:45.496 +05:30  DBG  Connection id "0HMMD2P96PF63", Request id "0HMMD2P96PF63:00000013": done reading request body.
2022-11-23 11:18:45.497 +05:30  DBG  Attempting to bind parameter 'signup' of type 'FoodDeliveryApplication.Models.SignUp' ...
2022-11-23 11:18:45.497 +05:30  DBG  Attempting to bind parameter 'signup' of type 'FoodDeliveryApplication.Models.SignUp' using the name '' in request data ...
2022-11-23 11:18:45.497 +05:30  DBG  Attempting to bind property 'FoodDeliveryApplication.Models.SignUp.UserName' of type 'System.String' using the name 'UserName' in request data ...
2022-11-23 11:18:45.497 +05:30  DBG  Done attempting to bind property 'FoodDeliveryApplication.Models.SignUp.UserName' of type 'System.String'.
2022-11-23 11:18:45.497 +05:30  DBG  Attempting to bind property 'FoodDeliveryApplication.Models.SignUp.Email' of type 'System.String' using the name 'Email' in request data ...
2022-11-23 11:18:45.497 +05:30  DBG  Could not find a value in the request with name 'Email' for binding property 'FoodDeliveryApplication.Models.SignUp.Email' of type 'System.String'.
2022-11-23 11:18:45.497 +05:30  DBG  Done attempting to bind property 'FoodDeliveryApplication.Models.SignUp.Email' of type 'System.String'.
2022-11-23 11:18:45.497 +05:30  DBG  Attempting to bind property 'FoodDeliveryApplication.Models.SignUp.Password' of type 'System.String' using the name 'Password' in request data ...
2022-11-23 11:18:45.497 +05:30  DBG  Done attempting to bind property 'FoodDeliveryApplication.Models.SignUp.Password' of type 'System.String'.
2022-11-23 11:18:45.497 +05:30  DBG  Done attempting to bind parameter 'signup' of type 'FoodDeliveryApplication.Models.SignUp'.
2022-11-23 11:18:45.497 +05:30  DBG  Done attempting to bind parameter 'signup' of type 'FoodDeliveryApplication.Models.SignUp'.
2022-11-23 11:18:45.497 +05:30  DBG  Attempting to validate the bound parameter 'signup' of type 'FoodDeliveryApplication.Models.SignUp' ...
2022-11-23 11:18:45.498 +05:30  DBG  Done attempting to validate the bound parameter 'signup' of type 'FoodDeliveryApplication.Models.SignUp'.
2022-11-23 11:18:45.502 +05:30  INF  A new Account Created with UserName Tom
2022-11-23 11:18:45.502 +05:30  DBG  View lookup cache hit for view 'Login' in controller 'FoodSite'.
2022-11-23 11:18:45.502 +05:30  INF  Executing ViewResult, running view Login.
2022-11-23 11:18:45.502 +05:30  DBG  The view path '/Views/FoodSite/Login.cshtml' was found in 0.051ms.
2022-11-23 11:18:45.502 +05:30  DBG  An antiforgery cookie token was reused.
2022-11-23 11:18:45.502 +05:30  DBG  Found the endpoints ["Route: {controller=Home}/{action=Index}/{id?}"] for address Microsoft.AspNetCore.Routing.RouteValuesAddress
2022-11-23 11:18:45.502 +05:30  DBG  Successfully processed template {controller=Home}/{action=Index}/{id?} for Route: {controller=Home}/{action=Index}/{id?} resulting in /FoodSite/CreateAccount and 
2022-11-23 11:18:45.503 +05:30  DBG  Link generation succeeded for endpoints ["Route: {controller=Home}/{action=Index}/{id?}"] with result /FoodSite/CreateAccount
2022-11-23 11:18:45.503 +05:30  DBG  View lookup cache hit for view '_Layout' in controller 'FoodSite'.
2022-11-23 11:18:45.503 +05:30  DBG  Found the endpoints ["Route: {controller=Home}/{action=Index}/{id?}"] for address Microsoft.AspNetCore.Routing.RouteValuesAddress
2022-11-23 11:18:45.503 +05:30  DBG  Successfully processed template {controller=Home}/{action=Index}/{id?} for Route: {controller=Home}/{action=Index}/{id?} resulting in  and 
2022-11-23 11:18:45.503 +05:30  DBG  Link generation succeeded for endpoints ["Route: {controller=Home}/{action=Index}/{id?}"] with result /
2022-11-23 11:18:45.503 +05:30  DBG  Found the endpoints ["Route: {controller=Home}/{action=Index}/{id?}"] for address Microsoft.AspNetCore.Routing.RouteValuesAddress
2022-11-23 11:18:45.503 +05:30  DBG  Successfully processed template {controller=Home}/{action=Index}/{id?} for Route: {controller=Home}/{action=Index}/{id?} resulting in  and 
2022-11-23 11:18:45.503 +05:30  DBG  Link generation succeeded for endpoints ["Route: {controller=Home}/{action=Index}/{id?}"] with result /
2022-11-23 11:18:45.503 +05:30  DBG  Found the endpoints ["Route: {controller=Home}/{action=Index}/{id?}"] for address Microsoft.AspNetCore.Routing.RouteValuesAddress
2022-11-23 11:18:45.503 +05:30  DBG  Successfully processed template {controller=Home}/{action=Index}/{id?} for Route: {controller=Home}/{action=Index}/{id?} resulting in /FoodSite/CreateAccount and 
2022-11-23 11:18:45.503 +05:30  DBG  Link generation succeeded for endpoints ["Route: {controller=Home}/{action=Index}/{id?}"] with result /FoodSite/CreateAccount
2022-11-23 11:18:45.503 +05:30  DBG  Found the endpoints ["Route: {controller=Home}/{action=Index}/{id?}"] for address Microsoft.AspNetCore.Routing.RouteValuesAddress
2022-11-23 11:18:45.503 +05:30  DBG  Successfully processed template {controller=Home}/{action=Index}/{id?} for Route: {controller=Home}/{action=Index}/{id?} resulting in /FoodSite/Login and 
2022-11-23 11:18:45.503 +05:30  DBG  Link generation succeeded for endpoints ["Route: {controller=Home}/{action=Index}/{id?}"] with result /FoodSite/Login
2022-11-23 11:18:45.503 +05:30  DBG  View lookup cache hit for view '_Notification' in controller 'FoodSite'.
2022-11-23 11:18:45.503 +05:30  DBG  The temp data cookie .AspNetCore.Mvc.CookieTempDataProvider was not found.
2022-11-23 11:18:45.503 +05:30  DBG  Found the endpoints ["Route: {controller=Home}/{action=Index}/{id?}"] for address Microsoft.AspNetCore.Routing.RouteValuesAddress
2022-11-23 11:18:45.503 +05:30  DBG  Successfully processed template {controller=Home}/{action=Index}/{id?} for Route: {controller=Home}/{action=Index}/{id?} resulting in /Home/Privacy and 
2022-11-23 11:18:45.503 +05:30  DBG  Link generation succeeded for endpoints ["Route: {controller=Home}/{action=Index}/{id?}"] with result /Home/Privacy
2022-11-23 11:18:45.505 +05:30  INF  Executed ViewResult - view Login executed in 3.3572ms.
2022-11-23 11:18:45.505 +05:30  INF  Executed action FoodDeliveryApplication.Controllers.FoodSiteController.CreateAccount (FoodDeliveryApplication) in 9.2102ms
2022-11-23 11:18:45.505 +05:30  INF  Executed endpoint 'FoodDeliveryApplication.Controllers.FoodSiteController.CreateAccount (FoodDeliveryApplication)'
2022-11-23 11:18:45.506 +05:30  DBG  Response markup is scheduled to include browser refresh script injection.
2022-11-23 11:18:45.506 +05:30  DBG  Response markup was updated to include browser refresh script injection.
2022-11-23 11:18:45.506 +05:30  INF  Request finished HTTP/2 POST https://localhost:7119/FoodSite/CreateAccount application/x-www-form-urlencoded 209 - 200 - text/html;+charset=utf-8 10.7611ms
2022-11-23 11:18:45.524 +05:30  INF  Request starting HTTP/2 GET https://localhost:7119/_vs/browserLink - -
2022-11-23 11:18:45.525 +05:30  INF  Request starting HTTP/2 GET https://localhost:7119/_framework/aspnetcore-browser-refresh.js - -
2022-11-23 11:18:45.526 +05:30  INF  Request finished HTTP/2 GET https://localhost:7119/_framework/aspnetcore-browser-refresh.js - - - 200 12016 application/javascript;+charset=utf-8 0.2223ms
2022-11-23 11:18:45.529 +05:30  INF  Request finished HTTP/2 GET https://localhost:7119/_vs/browserLink - - - 200 - text/javascript;+charset=UTF-8 5.8227ms
2022-11-23 11:18:46.662 +05:30  INF  Request starting HTTP/2 POST https://localhost:7119/FoodSite/CreateAccount application/x-www-form-urlencoded 209
2022-11-23 11:18:46.663 +05:30  DBG  POST requests are not supported
2022-11-23 11:18:46.663 +05:30  DBG  2 candidate(s) found for the request path '/FoodSite/CreateAccount'
2022-11-23 11:18:46.663 +05:30  DBG  Endpoint 'FoodDeliveryApplication.Controllers.FoodSiteController.CreateAccount (FoodDeliveryApplication)' with route pattern '{controller=Home}/{action=Index}/{id?}' is valid for the request path '/FoodSite/CreateAccount'
2022-11-23 11:18:46.663 +05:30  DBG  Endpoint 'FoodDeliveryApplication.Controllers.FoodSiteController.CreateAccount (FoodDeliveryApplication)' with route pattern '{controller=Home}/{action=Index}/{id?}' is valid for the request path '/FoodSite/CreateAccount'
2022-11-23 11:18:46.663 +05:30  DBG  Request matched endpoint 'FoodDeliveryApplication.Controllers.FoodSiteController.CreateAccount (FoodDeliveryApplication)'
2022-11-23 11:18:46.663 +05:30  INF  Executing endpoint 'FoodDeliveryApplication.Controllers.FoodSiteController.CreateAccount (FoodDeliveryApplication)'
2022-11-23 11:18:46.663 +05:30  INF  Route matched with {action = "CreateAccount", controller = "FoodSite"}. Executing controller action with signature Microsoft.AspNetCore.Mvc.IActionResult CreateAccount(FoodDeliveryApplication.Models.SignUp) on controller FoodDeliveryApplication.Controllers.FoodSiteController (FoodDeliveryApplication).
2022-11-23 11:18:46.663 +05:30  DBG  Execution plan of authorization filters (in the following order): ["None"]
2022-11-23 11:18:46.664 +05:30  DBG  Execution plan of resource filters (in the following order): ["Microsoft.AspNetCore.Mvc.ViewFeatures.Filters.SaveTempDataFilter"]
2022-11-23 11:18:46.664 +05:30  DBG  Execution plan of action filters (in the following order): ["Microsoft.AspNetCore.Mvc.Filters.ControllerActionFilter (Order: -2147483648)","Microsoft.AspNetCore.Mvc.ModelBinding.UnsupportedContentTypeFilter (Order: -3000)"]
2022-11-23 11:18:46.664 +05:30  DBG  Execution plan of exception filters (in the following order): ["FoodDeliveryApplication.CustomExceptionFilter"]
2022-11-23 11:18:46.664 +05:30  DBG  Execution plan of result filters (in the following order): ["Microsoft.AspNetCore.Mvc.ViewFeatures.Filters.SaveTempDataFilter"]
2022-11-23 11:18:46.664 +05:30  DBG  Executing controller factory for controller FoodDeliveryApplication.Controllers.FoodSiteController (FoodDeliveryApplication)
2022-11-23 11:18:46.664 +05:30  DBG  Executed controller factory for controller FoodDeliveryApplication.Controllers.FoodSiteController (FoodDeliveryApplication)
2022-11-23 11:18:46.664 +05:30  DBG  Connection id "0HMMD2P96PF63", Request id "0HMMD2P96PF63:00000019": started reading request body.
2022-11-23 11:18:46.664 +05:30  DBG  Connection id "0HMMD2P96PF63", Request id "0HMMD2P96PF63:00000019": done reading request body.
2022-11-23 11:18:46.664 +05:30  DBG  Attempting to bind parameter 'signup' of type 'FoodDeliveryApplication.Models.SignUp' ...
2022-11-23 11:18:46.664 +05:30  DBG  Attempting to bind parameter 'signup' of type 'FoodDeliveryApplication.Models.SignUp' using the name '' in request data ...
2022-11-23 11:18:46.664 +05:30  DBG  Attempting to bind property 'FoodDeliveryApplication.Models.SignUp.UserName' of type 'System.String' using the name 'UserName' in request data ...
2022-11-23 11:18:46.664 +05:30  DBG  Done attempting to bind property 'FoodDeliveryApplication.Models.SignUp.UserName' of type 'System.String'.
2022-11-23 11:18:46.664 +05:30  DBG  Attempting to bind property 'FoodDeliveryApplication.Models.SignUp.Email' of type 'System.String' using the name 'Email' in request data ...
2022-11-23 11:18:46.664 +05:30  DBG  Could not find a value in the request with name 'Email' for binding property 'FoodDeliveryApplication.Models.SignUp.Email' of type 'System.String'.
2022-11-23 11:18:46.664 +05:30  DBG  Done attempting to bind property 'FoodDeliveryApplication.Models.SignUp.Email' of type 'System.String'.
2022-11-23 11:18:46.664 +05:30  DBG  Attempting to bind property 'FoodDeliveryApplication.Models.SignUp.Password' of type 'System.String' using the name 'Password' in request data ...
2022-11-23 11:18:46.664 +05:30  DBG  Done attempting to bind property 'FoodDeliveryApplication.Models.SignUp.Password' of type 'System.String'.
2022-11-23 11:18:46.664 +05:30  DBG  Done attempting to bind parameter 'signup' of type 'FoodDeliveryApplication.Models.SignUp'.
2022-11-23 11:18:46.664 +05:30  DBG  Done attempting to bind parameter 'signup' of type 'FoodDeliveryApplication.Models.SignUp'.
2022-11-23 11:18:46.664 +05:30  DBG  Attempting to validate the bound parameter 'signup' of type 'FoodDeliveryApplication.Models.SignUp' ...
2022-11-23 11:18:46.664 +05:30  DBG  Done attempting to validate the bound parameter 'signup' of type 'FoodDeliveryApplication.Models.SignUp'.
2022-11-23 11:18:46.674 +05:30  INF  A new Account Created with UserName Tom
2022-11-23 11:18:46.674 +05:30  DBG  View lookup cache hit for view 'Login' in controller 'FoodSite'.
2022-11-23 11:18:46.674 +05:30  INF  Executing ViewResult, running view Login.
2022-11-23 11:18:46.674 +05:30  DBG  The view path '/Views/FoodSite/Login.cshtml' was found in 0.0499ms.
2022-11-23 11:18:46.674 +05:30  DBG  An antiforgery cookie token was reused.
2022-11-23 11:18:46.675 +05:30  DBG  Found the endpoints ["Route: {controller=Home}/{action=Index}/{id?}"] for address Microsoft.AspNetCore.Routing.RouteValuesAddress
2022-11-23 11:18:46.675 +05:30  DBG  Successfully processed template {controller=Home}/{action=Index}/{id?} for Route: {controller=Home}/{action=Index}/{id?} resulting in /FoodSite/CreateAccount and 
2022-11-23 11:18:46.675 +05:30  DBG  Link generation succeeded for endpoints ["Route: {controller=Home}/{action=Index}/{id?}"] with result /FoodSite/CreateAccount
2022-11-23 11:18:46.675 +05:30  DBG  View lookup cache hit for view '_Layout' in controller 'FoodSite'.
2022-11-23 11:18:46.675 +05:30  DBG  Found the endpoints ["Route: {controller=Home}/{action=Index}/{id?}"] for address Microsoft.AspNetCore.Routing.RouteValuesAddress
2022-11-23 11:18:46.675 +05:30  DBG  Successfully processed template {controller=Home}/{action=Index}/{id?} for Route: {controller=Home}/{action=Index}/{id?} resulting in  and 
2022-11-23 11:18:46.675 +05:30  DBG  Link generation succeeded for endpoints ["Route: {controller=Home}/{action=Index}/{id?}"] with result /
2022-11-23 11:18:46.675 +05:30  DBG  Found the endpoints ["Route: {controller=Home}/{action=Index}/{id?}"] for address Microsoft.AspNetCore.Routing.RouteValuesAddress
2022-11-23 11:18:46.675 +05:30  DBG  Successfully processed template {controller=Home}/{action=Index}/{id?} for Route: {controller=Home}/{action=Index}/{id?} resulting in  and 
2022-11-23 11:18:46.675 +05:30  DBG  Link generation succeeded for endpoints ["Route: {controller=Home}/{action=Index}/{id?}"] with result /
2022-11-23 11:18:46.675 +05:30  DBG  Found the endpoints ["Route: {controller=Home}/{action=Index}/{id?}"] for address Microsoft.AspNetCore.Routing.RouteValuesAddress
2022-11-23 11:18:46.675 +05:30  DBG  Successfully processed template {controller=Home}/{action=Index}/{id?} for Route: {controller=Home}/{action=Index}/{id?} resulting in /FoodSite/CreateAccount and 
2022-11-23 11:18:46.675 +05:30  DBG  Link generation succeeded for endpoints ["Route: {controller=Home}/{action=Index}/{id?}"] with result /FoodSite/CreateAccount
2022-11-23 11:18:46.675 +05:30  DBG  Found the endpoints ["Route: {controller=Home}/{action=Index}/{id?}"] for address Microsoft.AspNetCore.Routing.RouteValuesAddress
2022-11-23 11:18:46.675 +05:30  DBG  Successfully processed template {controller=Home}/{action=Index}/{id?} for Route: {controller=Home}/{action=Index}/{id?} resulting in /FoodSite/Login and 
2022-11-23 11:18:46.675 +05:30  DBG  Link generation succeeded for endpoints ["Route: {controller=Home}/{action=Index}/{id?}"] with result /FoodSite/Login
2022-11-23 11:18:46.675 +05:30  DBG  View lookup cache hit for view '_Notification' in controller 'FoodSite'.
2022-11-23 11:18:46.675 +05:30  DBG  The temp data cookie .AspNetCore.Mvc.CookieTempDataProvider was not found.
2022-11-23 11:18:46.675 +05:30  DBG  Found the endpoints ["Route: {controller=Home}/{action=Index}/{id?}"] for address Microsoft.AspNetCore.Routing.RouteValuesAddress
2022-11-23 11:18:46.675 +05:30  DBG  Successfully processed template {controller=Home}/{action=Index}/{id?} for Route: {controller=Home}/{action=Index}/{id?} resulting in /Home/Privacy and 
2022-11-23 11:18:46.675 +05:30  DBG  Link generation succeeded for endpoints ["Route: {controller=Home}/{action=Index}/{id?}"] with result /Home/Privacy
2022-11-23 11:18:46.678 +05:30  INF  Executed ViewResult - view Login executed in 4.5876ms.
2022-11-23 11:18:46.679 +05:30  INF  Executed action FoodDeliveryApplication.Controllers.FoodSiteController.CreateAccount (FoodDeliveryApplication) in 14.9979ms
2022-11-23 11:18:46.679 +05:30  INF  Executed endpoint 'FoodDeliveryApplication.Controllers.FoodSiteController.CreateAccount (FoodDeliveryApplication)'
2022-11-23 11:18:46.679 +05:30  DBG  Response markup is scheduled to include browser refresh script injection.
2022-11-23 11:18:46.679 +05:30  DBG  Response markup was updated to include browser refresh script injection.
2022-11-23 11:18:46.679 +05:30  INF  Request finished HTTP/2 POST https://localhost:7119/FoodSite/CreateAccount application/x-www-form-urlencoded 209 - 200 - text/html;+charset=utf-8 17.3302ms
2022-11-23 11:18:46.699 +05:30  INF  Request starting HTTP/2 GET https://localhost:7119/_vs/browserLink - -
2022-11-23 11:18:46.701 +05:30  INF  Request starting HTTP/2 GET https://localhost:7119/_framework/aspnetcore-browser-refresh.js - -
2022-11-23 11:18:46.701 +05:30  INF  Request finished HTTP/2 GET https://localhost:7119/_framework/aspnetcore-browser-refresh.js - - - 200 12016 application/javascript;+charset=utf-8 0.1860ms
2022-11-23 11:18:46.703 +05:30  INF  Request finished HTTP/2 GET https://localhost:7119/_vs/browserLink - - - 200 - text/javascript;+charset=UTF-8 4.4851ms
2022-11-23 11:18:48.142 +05:30  INF  Request starting HTTP/2 GET https://localhost:7119/FoodSite/Login - -
2022-11-23 11:18:48.143 +05:30  DBG  The request path /FoodSite/Login does not match a supported file type
2022-11-23 11:18:48.143 +05:30  DBG  1 candidate(s) found for the request path '/FoodSite/Login'
2022-11-23 11:18:48.143 +05:30  DBG  Endpoint 'FoodDeliveryApplication.Controllers.FoodSiteController.Login (FoodDeliveryApplication)' with route pattern '{controller=Home}/{action=Index}/{id?}' is valid for the request path '/FoodSite/Login'
2022-11-23 11:18:48.143 +05:30  DBG  Request matched endpoint 'FoodDeliveryApplication.Controllers.FoodSiteController.Login (FoodDeliveryApplication)'
2022-11-23 11:18:48.143 +05:30  INF  Executing endpoint 'FoodDeliveryApplication.Controllers.FoodSiteController.Login (FoodDeliveryApplication)'
2022-11-23 11:18:48.145 +05:30  INF  Route matched with {action = "Login", controller = "FoodSite"}. Executing controller action with signature Microsoft.AspNetCore.Mvc.IActionResult Login() on controller FoodDeliveryApplication.Controllers.FoodSiteController (FoodDeliveryApplication).
2022-11-23 11:18:48.145 +05:30  DBG  Execution plan of authorization filters (in the following order): ["None"]
2022-11-23 11:18:48.145 +05:30  DBG  Execution plan of resource filters (in the following order): ["Microsoft.AspNetCore.Mvc.ViewFeatures.Filters.SaveTempDataFilter"]
2022-11-23 11:18:48.145 +05:30  DBG  Execution plan of action filters (in the following order): ["Microsoft.AspNetCore.Mvc.Filters.ControllerActionFilter (Order: -2147483648)","Microsoft.AspNetCore.Mvc.ModelBinding.UnsupportedContentTypeFilter (Order: -3000)"]
2022-11-23 11:18:48.145 +05:30  DBG  Execution plan of exception filters (in the following order): ["FoodDeliveryApplication.CustomExceptionFilter"]
2022-11-23 11:18:48.145 +05:30  DBG  Execution plan of result filters (in the following order): ["Microsoft.AspNetCore.Mvc.ViewFeatures.Filters.SaveTempDataFilter"]
2022-11-23 11:18:48.145 +05:30  DBG  Executing controller factory for controller FoodDeliveryApplication.Controllers.FoodSiteController (FoodDeliveryApplication)
2022-11-23 11:18:48.145 +05:30  DBG  Executed controller factory for controller FoodDeliveryApplication.Controllers.FoodSiteController (FoodDeliveryApplication)
2022-11-23 11:18:48.145 +05:30  INF  Login Triggered
2022-11-23 11:18:48.145 +05:30  DBG  View lookup cache hit for view 'Login' in controller 'FoodSite'.
2022-11-23 11:18:48.145 +05:30  INF  Executing ViewResult, running view Login.
2022-11-23 11:18:48.145 +05:30  DBG  The view path '/Views/FoodSite/Login.cshtml' was found in 0.1047ms.
2022-11-23 11:18:48.146 +05:30  DBG  An antiforgery cookie token was reused.
2022-11-23 11:18:48.146 +05:30  DBG  Found the endpoints ["Route: {controller=Home}/{action=Index}/{id?}"] for address Microsoft.AspNetCore.Routing.RouteValuesAddress
2022-11-23 11:18:48.146 +05:30  DBG  Successfully processed template {controller=Home}/{action=Index}/{id?} for Route: {controller=Home}/{action=Index}/{id?} resulting in /FoodSite/CreateAccount and 
2022-11-23 11:18:48.146 +05:30  DBG  Link generation succeeded for endpoints ["Route: {controller=Home}/{action=Index}/{id?}"] with result /FoodSite/CreateAccount
2022-11-23 11:18:48.146 +05:30  DBG  View lookup cache hit for view '_Layout' in controller 'FoodSite'.
2022-11-23 11:18:48.146 +05:30  DBG  Found the endpoints ["Route: {controller=Home}/{action=Index}/{id?}"] for address Microsoft.AspNetCore.Routing.RouteValuesAddress
2022-11-23 11:18:48.147 +05:30  DBG  Successfully processed template {controller=Home}/{action=Index}/{id?} for Route: {controller=Home}/{action=Index}/{id?} resulting in  and 
2022-11-23 11:18:48.147 +05:30  DBG  Link generation succeeded for endpoints ["Route: {controller=Home}/{action=Index}/{id?}"] with result /
2022-11-23 11:18:48.147 +05:30  DBG  Found the endpoints ["Route: {controller=Home}/{action=Index}/{id?}"] for address Microsoft.AspNetCore.Routing.RouteValuesAddress
2022-11-23 11:18:48.147 +05:30  DBG  Successfully processed template {controller=Home}/{action=Index}/{id?} for Route: {controller=Home}/{action=Index}/{id?} resulting in  and 
2022-11-23 11:18:48.147 +05:30  DBG  Link generation succeeded for endpoints ["Route: {controller=Home}/{action=Index}/{id?}"] with result /
2022-11-23 11:18:48.147 +05:30  DBG  Found the endpoints ["Route: {controller=Home}/{action=Index}/{id?}"] for address Microsoft.AspNetCore.Routing.RouteValuesAddress
2022-11-23 11:18:48.147 +05:30  DBG  Successfully processed template {controller=Home}/{action=Index}/{id?} for Route: {controller=Home}/{action=Index}/{id?} resulting in /FoodSite/CreateAccount and 
2022-11-23 11:18:48.147 +05:30  DBG  Link generation succeeded for endpoints ["Route: {controller=Home}/{action=Index}/{id?}"] with result /FoodSite/CreateAccount
2022-11-23 11:18:48.147 +05:30  DBG  Found the endpoints ["Route: {controller=Home}/{action=Index}/{id?}"] for address Microsoft.AspNetCore.Routing.RouteValuesAddress
2022-11-23 11:18:48.147 +05:30  DBG  Successfully processed template {controller=Home}/{action=Index}/{id?} for Route: {controller=Home}/{action=Index}/{id?} resulting in /FoodSite/Login and 
2022-11-23 11:18:48.147 +05:30  DBG  Link generation succeeded for endpoints ["Route: {controller=Home}/{action=Index}/{id?}"] with result /FoodSite/Login
2022-11-23 11:18:48.147 +05:30  DBG  View lookup cache hit for view '_Notification' in controller 'FoodSite'.
2022-11-23 11:18:48.147 +05:30  DBG  The temp data cookie .AspNetCore.Mvc.CookieTempDataProvider was not found.
2022-11-23 11:18:48.147 +05:30  DBG  Found the endpoints ["Route: {controller=Home}/{action=Index}/{id?}"] for address Microsoft.AspNetCore.Routing.RouteValuesAddress
2022-11-23 11:18:48.147 +05:30  DBG  Successfully processed template {controller=Home}/{action=Index}/{id?} for Route: {controller=Home}/{action=Index}/{id?} resulting in /Home/Privacy and 
2022-11-23 11:18:48.147 +05:30  DBG  Link generation succeeded for endpoints ["Route: {controller=Home}/{action=Index}/{id?}"] with result /Home/Privacy
2022-11-23 11:18:48.151 +05:30  INF  Executed ViewResult - view Login executed in 5.257ms.
2022-11-23 11:18:48.151 +05:30  INF  Executed action FoodDeliveryApplication.Controllers.FoodSiteController.Login (FoodDeliveryApplication) in 5.9432ms
2022-11-23 11:18:48.151 +05:30  INF  Executed endpoint 'FoodDeliveryApplication.Controllers.FoodSiteController.Login (FoodDeliveryApplication)'
2022-11-23 11:18:48.151 +05:30  DBG  Response markup is scheduled to include browser refresh script injection.
2022-11-23 11:18:48.151 +05:30  DBG  Response markup was updated to include browser refresh script injection.
2022-11-23 11:18:48.151 +05:30  INF  Request finished HTTP/2 GET https://localhost:7119/FoodSite/Login - - - 200 - text/html;+charset=utf-8 8.9623ms
2022-11-23 11:18:48.172 +05:30  INF  Request starting HTTP/2 GET https://localhost:7119/_vs/browserLink - -
2022-11-23 11:18:48.174 +05:30  INF  Request starting HTTP/2 GET https://localhost:7119/_framework/aspnetcore-browser-refresh.js - -
2022-11-23 11:18:48.174 +05:30  INF  Request finished HTTP/2 GET https://localhost:7119/_framework/aspnetcore-browser-refresh.js - - - 200 12016 application/javascript;+charset=utf-8 0.1506ms
2022-11-23 11:18:48.180 +05:30  INF  Request finished HTTP/2 GET https://localhost:7119/_vs/browserLink - - - 200 - text/javascript;+charset=UTF-8 7.5575ms
2022-11-23 11:18:58.091 +05:30  INF  Request starting HTTP/2 POST https://localhost:7119/FoodSite/Login application/x-www-form-urlencoded 209
2022-11-23 11:18:58.092 +05:30  DBG  POST requests are not supported
2022-11-23 11:18:58.092 +05:30  DBG  2 candidate(s) found for the request path '/FoodSite/Login'
2022-11-23 11:18:58.092 +05:30  DBG  Endpoint 'FoodDeliveryApplication.Controllers.FoodSiteController.Login (FoodDeliveryApplication)' with route pattern '{controller=Home}/{action=Index}/{id?}' is valid for the request path '/FoodSite/Login'
2022-11-23 11:18:58.092 +05:30  DBG  Endpoint 'FoodDeliveryApplication.Controllers.FoodSiteController.Login (FoodDeliveryApplication)' with route pattern '{controller=Home}/{action=Index}/{id?}' is valid for the request path '/FoodSite/Login'
2022-11-23 11:18:58.092 +05:30  DBG  Request matched endpoint 'FoodDeliveryApplication.Controllers.FoodSiteController.Login (FoodDeliveryApplication)'
2022-11-23 11:18:58.092 +05:30  INF  Executing endpoint 'FoodDeliveryApplication.Controllers.FoodSiteController.Login (FoodDeliveryApplication)'
2022-11-23 11:18:58.093 +05:30  INF  Route matched with {action = "Login", controller = "FoodSite"}. Executing controller action with signature Microsoft.AspNetCore.Mvc.IActionResult Login(FoodDeliveryApplication.Models.LoginDetails) on controller FoodDeliveryApplication.Controllers.FoodSiteController (FoodDeliveryApplication).
2022-11-23 11:18:58.093 +05:30  DBG  Execution plan of authorization filters (in the following order): ["None"]
2022-11-23 11:18:58.093 +05:30  DBG  Execution plan of resource filters (in the following order): ["Microsoft.AspNetCore.Mvc.ViewFeatures.Filters.SaveTempDataFilter"]
2022-11-23 11:18:58.093 +05:30  DBG  Execution plan of action filters (in the following order): ["Microsoft.AspNetCore.Mvc.Filters.ControllerActionFilter (Order: -2147483648)","Microsoft.AspNetCore.Mvc.ModelBinding.UnsupportedContentTypeFilter (Order: -3000)"]
2022-11-23 11:18:58.093 +05:30  DBG  Execution plan of exception filters (in the following order): ["FoodDeliveryApplication.CustomExceptionFilter"]
2022-11-23 11:18:58.093 +05:30  DBG  Execution plan of result filters (in the following order): ["Microsoft.AspNetCore.Mvc.ViewFeatures.Filters.SaveTempDataFilter"]
2022-11-23 11:18:58.093 +05:30  DBG  Executing controller factory for controller FoodDeliveryApplication.Controllers.FoodSiteController (FoodDeliveryApplication)
2022-11-23 11:18:58.093 +05:30  DBG  Executed controller factory for controller FoodDeliveryApplication.Controllers.FoodSiteController (FoodDeliveryApplication)
2022-11-23 11:18:58.093 +05:30  DBG  Connection id "0HMMD2P96PF63", Request id "0HMMD2P96PF63:00000025": started reading request body.
2022-11-23 11:18:58.093 +05:30  DBG  Connection id "0HMMD2P96PF63", Request id "0HMMD2P96PF63:00000025": done reading request body.
2022-11-23 11:18:58.093 +05:30  DBG  Attempting to bind parameter 'login' of type 'FoodDeliveryApplication.Models.LoginDetails' ...
2022-11-23 11:18:58.093 +05:30  DBG  Attempting to bind parameter 'login' of type 'FoodDeliveryApplication.Models.LoginDetails' using the name '' in request data ...
2022-11-23 11:18:58.093 +05:30  DBG  Attempting to bind property 'FoodDeliveryApplication.Models.LoginDetails.UserName' of type 'System.String' using the name 'UserName' in request data ...
2022-11-23 11:18:58.093 +05:30  DBG  Done attempting to bind property 'FoodDeliveryApplication.Models.LoginDetails.UserName' of type 'System.String'.
2022-11-23 11:18:58.093 +05:30  DBG  Attempting to bind property 'FoodDeliveryApplication.Models.LoginDetails.Email' of type 'System.String' using the name 'Email' in request data ...
2022-11-23 11:18:58.093 +05:30  DBG  Could not find a value in the request with name 'Email' for binding property 'FoodDeliveryApplication.Models.LoginDetails.Email' of type 'System.String'.
2022-11-23 11:18:58.093 +05:30  DBG  Done attempting to bind property 'FoodDeliveryApplication.Models.LoginDetails.Email' of type 'System.String'.
2022-11-23 11:18:58.093 +05:30  DBG  Attempting to bind property 'FoodDeliveryApplication.Models.LoginDetails.Password' of type 'System.String' using the name 'Password' in request data ...
2022-11-23 11:18:58.093 +05:30  DBG  Done attempting to bind property 'FoodDeliveryApplication.Models.LoginDetails.Password' of type 'System.String'.
2022-11-23 11:18:58.093 +05:30  DBG  Done attempting to bind parameter 'login' of type 'FoodDeliveryApplication.Models.LoginDetails'.
2022-11-23 11:18:58.093 +05:30  DBG  Done attempting to bind parameter 'login' of type 'FoodDeliveryApplication.Models.LoginDetails'.
2022-11-23 11:18:58.093 +05:30  DBG  Attempting to validate the bound parameter 'login' of type 'FoodDeliveryApplication.Models.LoginDetails' ...
2022-11-23 11:18:58.093 +05:30  DBG  Done attempting to validate the bound parameter 'login' of type 'FoodDeliveryApplication.Models.LoginDetails'.
2022-11-23 11:18:58.097 +05:30  INF  User does not Exist
2022-11-23 11:18:58.097 +05:30  DBG  View lookup cache hit for view 'Login' in controller 'FoodSite'.
2022-11-23 11:18:58.097 +05:30  INF  Executing ViewResult, running view Login.
2022-11-23 11:18:58.097 +05:30  DBG  The view path '/Views/FoodSite/Login.cshtml' was found in 0.0567ms.
2022-11-23 11:18:58.097 +05:30  DBG  An antiforgery cookie token was reused.
2022-11-23 11:18:58.102 +05:30  DBG  Found the endpoints ["Route: {controller=Home}/{action=Index}/{id?}"] for address Microsoft.AspNetCore.Routing.RouteValuesAddress
2022-11-23 11:18:58.102 +05:30  DBG  Successfully processed template {controller=Home}/{action=Index}/{id?} for Route: {controller=Home}/{action=Index}/{id?} resulting in /FoodSite/CreateAccount and 
2022-11-23 11:18:58.102 +05:30  DBG  Link generation succeeded for endpoints ["Route: {controller=Home}/{action=Index}/{id?}"] with result /FoodSite/CreateAccount
2022-11-23 11:18:58.102 +05:30  DBG  View lookup cache hit for view '_Layout' in controller 'FoodSite'.
2022-11-23 11:18:58.103 +05:30  DBG  Found the endpoints ["Route: {controller=Home}/{action=Index}/{id?}"] for address Microsoft.AspNetCore.Routing.RouteValuesAddress
2022-11-23 11:18:58.103 +05:30  DBG  Successfully processed template {controller=Home}/{action=Index}/{id?} for Route: {controller=Home}/{action=Index}/{id?} resulting in  and 
2022-11-23 11:18:58.103 +05:30  DBG  Link generation succeeded for endpoints ["Route: {controller=Home}/{action=Index}/{id?}"] with result /
2022-11-23 11:18:58.103 +05:30  DBG  Found the endpoints ["Route: {controller=Home}/{action=Index}/{id?}"] for address Microsoft.AspNetCore.Routing.RouteValuesAddress
2022-11-23 11:18:58.103 +05:30  DBG  Successfully processed template {controller=Home}/{action=Index}/{id?} for Route: {controller=Home}/{action=Index}/{id?} resulting in  and 
2022-11-23 11:18:58.103 +05:30  DBG  Link generation succeeded for endpoints ["Route: {controller=Home}/{action=Index}/{id?}"] with result /
2022-11-23 11:18:58.103 +05:30  DBG  Found the endpoints ["Route: {controller=Home}/{action=Index}/{id?}"] for address Microsoft.AspNetCore.Routing.RouteValuesAddress
2022-11-23 11:18:58.103 +05:30  DBG  Successfully processed template {controller=Home}/{action=Index}/{id?} for Route: {controller=Home}/{action=Index}/{id?} resulting in /FoodSite/CreateAccount and 
2022-11-23 11:18:58.103 +05:30  DBG  Link generation succeeded for endpoints ["Route: {controller=Home}/{action=Index}/{id?}"] with result /FoodSite/CreateAccount
2022-11-23 11:18:58.103 +05:30  DBG  Found the endpoints ["Route: {controller=Home}/{action=Index}/{id?}"] for address Microsoft.AspNetCore.Routing.RouteValuesAddress
2022-11-23 11:18:58.103 +05:30  DBG  Successfully processed template {controller=Home}/{action=Index}/{id?} for Route: {controller=Home}/{action=Index}/{id?} resulting in /FoodSite/Login and 
2022-11-23 11:18:58.103 +05:30  DBG  Link generation succeeded for endpoints ["Route: {controller=Home}/{action=Index}/{id?}"] with result /FoodSite/Login
2022-11-23 11:18:58.103 +05:30  DBG  View lookup cache hit for view '_Notification' in controller 'FoodSite'.
2022-11-23 11:18:58.103 +05:30  DBG  The temp data cookie .AspNetCore.Mvc.CookieTempDataProvider was not found.
2022-11-23 11:18:58.103 +05:30  DBG  Found the endpoints ["Route: {controller=Home}/{action=Index}/{id?}"] for address Microsoft.AspNetCore.Routing.RouteValuesAddress
2022-11-23 11:18:58.103 +05:30  DBG  Successfully processed template {controller=Home}/{action=Index}/{id?} for Route: {controller=Home}/{action=Index}/{id?} resulting in /Home/Privacy and 
2022-11-23 11:18:58.103 +05:30  DBG  Link generation succeeded for endpoints ["Route: {controller=Home}/{action=Index}/{id?}"] with result /Home/Privacy
2022-11-23 11:18:58.106 +05:30  INF  Executed ViewResult - view Login executed in 9.5479ms.
2022-11-23 11:18:58.106 +05:30  INF  Executed action FoodDeliveryApplication.Controllers.FoodSiteController.Login (FoodDeliveryApplication) in 13.5861ms
2022-11-23 11:18:58.106 +05:30  INF  Executed endpoint 'FoodDeliveryApplication.Controllers.FoodSiteController.Login (FoodDeliveryApplication)'
2022-11-23 11:18:58.107 +05:30  DBG  Response markup is scheduled to include browser refresh script injection.
2022-11-23 11:18:58.107 +05:30  DBG  Response markup was updated to include browser refresh script injection.
2022-11-23 11:18:58.107 +05:30  INF  Request finished HTTP/2 POST https://localhost:7119/FoodSite/Login application/x-www-form-urlencoded 209 - 200 - text/html;+charset=utf-8 16.2037ms
2022-11-23 11:18:58.128 +05:30  INF  Request starting HTTP/2 GET https://localhost:7119/_vs/browserLink - -
2022-11-23 11:18:58.130 +05:30  INF  Request starting HTTP/2 GET https://localhost:7119/_framework/aspnetcore-browser-refresh.js - -
2022-11-23 11:18:58.130 +05:30  INF  Request finished HTTP/2 GET https://localhost:7119/_framework/aspnetcore-browser-refresh.js - - - 200 12016 application/javascript;+charset=utf-8 0.1809ms
2022-11-23 11:18:58.134 +05:30  INF  Request finished HTTP/2 GET https://localhost:7119/_vs/browserLink - - - 200 - text/javascript;+charset=UTF-8 5.4388ms
