2022-11-23 11:16:44.571 +05:30  INF  A new Account Created with UserName John
2022-11-23 11:17:04.445 +05:30  DBG  Initializing Razor view compiler with compiled view: '/Views/FoodSite/CancelOrder.cshtml'.
2022-11-23 11:17:04.486 +05:30  DBG  Initializing Razor view compiler with compiled view: '/Views/FoodSite/Cart.cshtml'.
2022-11-23 11:17:04.486 +05:30  DBG  Initializing Razor view compiler with compiled view: '/Views/FoodSite/CreateAccount.cshtml'.
2022-11-23 11:17:04.486 +05:30  DBG  Initializing Razor view compiler with compiled view: '/Views/FoodSite/CustomerDetails.cshtml'.
2022-11-23 11:17:04.486 +05:30  DBG  Initializing Razor view compiler with compiled view: '/Views/FoodSite/Login.cshtml'.
2022-11-23 11:17:04.486 +05:30  DBG  Initializing Razor view compiler with compiled view: '/Views/FoodSite/Menu.cshtml'.
2022-11-23 11:17:04.486 +05:30  DBG  Initializing Razor view compiler with compiled view: '/Views/FoodSite/OrderStatus.cshtml'.
2022-11-23 11:17:04.486 +05:30  DBG  Initializing Razor view compiler with compiled view: '/Views/FoodSite/PlaceOrder.cshtml'.
2022-11-23 11:17:04.486 +05:30  DBG  Initializing Razor view compiler with compiled view: '/Views/FoodSite/Restaurants.cshtml'.
2022-11-23 11:17:04.486 +05:30  DBG  Initializing Razor view compiler with compiled view: '/Views/Home/Index.cshtml'.
2022-11-23 11:17:04.486 +05:30  DBG  Initializing Razor view compiler with compiled view: '/Views/Home/Privacy.cshtml'.
2022-11-23 11:17:04.486 +05:30  DBG  Initializing Razor view compiler with compiled view: '/Views/Shared/Error.cshtml'.
2022-11-23 11:17:04.486 +05:30  DBG  Initializing Razor view compiler with compiled view: '/Views/Shared/_Notification.cshtml'.
2022-11-23 11:17:04.486 +05:30  DBG  Initializing Razor view compiler with compiled view: '/Views/Shared/_ValidationScriptsPartial.cshtml'.
2022-11-23 11:17:04.486 +05:30  DBG  Initializing Razor view compiler with compiled view: '/Views/_ViewImports.cshtml'.
2022-11-23 11:17:04.486 +05:30  DBG  Initializing Razor view compiler with compiled view: '/Views/_ViewStart.cshtml'.
2022-11-23 11:17:04.486 +05:30  DBG  Initializing Razor view compiler with compiled view: '/Views/Shared/_Layout.cshtml'.
2022-11-23 11:17:04.496 +05:30  DBG  Registered model binder providers, in the following order: ["Microsoft.AspNetCore.Mvc.ModelBinding.Binders.BinderTypeModelBinderProvider","Microsoft.AspNetCore.Mvc.ModelBinding.Binders.ServicesModelBinderProvider","Microsoft.AspNetCore.Mvc.ModelBinding.Binders.BodyModelBinderProvider","Microsoft.AspNetCore.Mvc.ModelBinding.Binders.HeaderModelBinderProvider","Microsoft.AspNetCore.Mvc.ModelBinding.Binders.FloatingPointTypeModelBinderProvider","Microsoft.AspNetCore.Mvc.ModelBinding.Binders.EnumTypeModelBinderProvider","Microsoft.AspNetCore.Mvc.ModelBinding.Binders.DateTimeModelBinderProvider","Microsoft.AspNetCore.Mvc.ModelBinding.Binders.SimpleTypeModelBinderProvider","Microsoft.AspNetCore.Mvc.ModelBinding.Binders.CancellationTokenModelBinderProvider","Microsoft.AspNetCore.Mvc.ModelBinding.Binders.ByteArrayModelBinderProvider","Microsoft.AspNetCore.Mvc.ModelBinding.Binders.FormFileModelBinderProvider","Microsoft.AspNetCore.Mvc.ModelBinding.Binders.FormCollectionModelBinderProvider","Microsoft.AspNetCore.Mvc.ModelBinding.Binders.KeyValuePairModelBinderProvider","Microsoft.AspNetCore.Mvc.ModelBinding.Binders.DictionaryModelBinderProvider","Microsoft.AspNetCore.Mvc.ModelBinding.Binders.ArrayModelBinderProvider","Microsoft.AspNetCore.Mvc.ModelBinding.Binders.CollectionModelBinderProvider","Microsoft.AspNetCore.Mvc.ModelBinding.Binders.ComplexObjectModelBinderProvider"]
2022-11-23 11:17:04.609 +05:30  DBG  Hosting starting
2022-11-23 11:17:04.698 +05:30  INF  User profile is available. Using 'C:\Users\raksha_ganyarpawar\AppData\Local\ASP.NET\DataProtection-Keys' as key repository and Windows DPAPI to encrypt keys at rest.
2022-11-23 11:17:04.701 +05:30  DBG  Reading data from file 'C:\Users\raksha_ganyarpawar\AppData\Local\ASP.NET\DataProtection-Keys\key-79ad8948-c6a7-4098-9250-f7b29548ac6d.xml'.
2022-11-23 11:17:04.706 +05:30  DBG  Reading data from file 'C:\Users\raksha_ganyarpawar\AppData\Local\ASP.NET\DataProtection-Keys\key-fcbc33c9-fbe1-4aff-8638-219c50a28b3b.xml'.
2022-11-23 11:17:04.713 +05:30  DBG  Found key {79ad8948-c6a7-4098-9250-f7b29548ac6d}.
2022-11-23 11:17:04.717 +05:30  DBG  Found key {fcbc33c9-fbe1-4aff-8638-219c50a28b3b}.
2022-11-23 11:17:04.723 +05:30  DBG  Considering key {79ad8948-c6a7-4098-9250-f7b29548ac6d} with expiration date 2023-01-30 18:09:53Z as default key.
2022-11-23 11:17:04.725 +05:30  DBG  Forwarded activator type request from Microsoft.AspNetCore.DataProtection.XmlEncryption.DpapiXmlDecryptor, Microsoft.AspNetCore.DataProtection, Version=6.0.0.0, Culture=neutral, PublicKeyToken=adb9793829ddae60 to Microsoft.AspNetCore.DataProtection.XmlEncryption.DpapiXmlDecryptor, Microsoft.AspNetCore.DataProtection, Culture=neutral, PublicKeyToken=adb9793829ddae60
2022-11-23 11:17:04.727 +05:30  DBG  Decrypting secret element using Windows DPAPI.
2022-11-23 11:17:04.728 +05:30  DBG  Forwarded activator type request from Microsoft.AspNetCore.DataProtection.AuthenticatedEncryption.ConfigurationModel.AuthenticatedEncryptorDescriptorDeserializer, Microsoft.AspNetCore.DataProtection, Version=6.0.0.0, Culture=neutral, PublicKeyToken=adb9793829ddae60 to Microsoft.AspNetCore.DataProtection.AuthenticatedEncryption.ConfigurationModel.AuthenticatedEncryptorDescriptorDeserializer, Microsoft.AspNetCore.DataProtection, Culture=neutral, PublicKeyToken=adb9793829ddae60
2022-11-23 11:17:04.732 +05:30  DBG  Opening CNG algorithm 'AES' from provider 'null' with chaining mode CBC.
2022-11-23 11:17:04.735 +05:30  DBG  Opening CNG algorithm 'SHA256' from provider 'null' with HMAC.
2022-11-23 11:17:04.737 +05:30  DBG  Using key {79ad8948-c6a7-4098-9250-f7b29548ac6d} as the default key.
2022-11-23 11:17:04.738 +05:30  DBG  Key ring with default key {79ad8948-c6a7-4098-9250-f7b29548ac6d} was loaded during application startup.
2022-11-23 11:17:04.918 +05:30  DBG  Using development certificate: CN=localhost (Thumbprint: 4C51C087C884AD5F8F0F2241CBD89F90FD775F40)
2022-11-23 11:17:04.990 +05:30  INF  Now listening on: https://localhost:7119
2022-11-23 11:17:04.990 +05:30  INF  Now listening on: http://localhost:5119
2022-11-23 11:17:04.990 +05:30  DBG  Loaded hosting startup assembly FoodDeliveryApplication
2022-11-23 11:17:04.990 +05:30  DBG  Loaded hosting startup assembly Microsoft.AspNetCore.Watch.BrowserRefresh
2022-11-23 11:17:04.990 +05:30  DBG  Loaded hosting startup assembly Microsoft.WebTools.BrowserLink.Net
2022-11-23 11:17:04.990 +05:30  INF  Application started. Press Ctrl+C to shut down.
2022-11-23 11:17:04.990 +05:30  INF  Hosting environment: Development
2022-11-23 11:17:04.990 +05:30  INF  Content root path: C:\Users\raksha_ganyarpawar\source\repos\FoodDeliveryApplication\FoodDeliveryApplication\
2022-11-23 11:17:04.990 +05:30  DBG  Hosting started
2022-11-23 11:17:05.070 +05:30  DBG  Connection id "0HMMD2OJD64TA" accepted.
2022-11-23 11:17:05.071 +05:30  DBG  Connection id "0HMMD2OJD64TA" started.
2022-11-23 11:17:05.076 +05:30  DBG  Connection id "0HMMD2OJD64TB" accepted.
2022-11-23 11:17:05.076 +05:30  DBG  Connection id "0HMMD2OJD64TB" started.
2022-11-23 11:17:05.094 +05:30  DBG  Connection id "0HMMD2OJD64TA" received FIN.
2022-11-23 11:17:05.094 +05:30  DBG  Connection id "0HMMD2OJD64TB" received FIN.
2022-11-23 11:17:05.111 +05:30  DBG  Failed to authenticate HTTPS connection.System.IO.IOException:  Received an unexpected EOF or 0 bytes from the transport stream.
   at System.Net.Security.SslStream.<FillHandshakeBufferAsync>g__InternalFillHandshakeBufferAsync|189_0[TIOAdapter](TIOAdapter adap, ValueTask`1 task, Int32 minSize)
   at System.Net.Security.SslStream.ReceiveBlobAsync[TIOAdapter](TIOAdapter adapter)
   at System.Net.Security.SslStream.ForceAuthenticationAsync[TIOAdapter](TIOAdapter adapter, Boolean receiveFirst, Byte[] reAuthenticationData, Boolean isApm)
   at Microsoft.AspNetCore.Server.Kestrel.Https.Internal.HttpsConnectionMiddleware.OnConnectionAsync(ConnectionContext context)

2022-11-23 11:17:05.111 +05:30  DBG  Failed to authenticate HTTPS connection.System.IO.IOException:  Received an unexpected EOF or 0 bytes from the transport stream.
   at System.Net.Security.SslStream.<FillHandshakeBufferAsync>g__InternalFillHandshakeBufferAsync|189_0[TIOAdapter](TIOAdapter adap, ValueTask`1 task, Int32 minSize)
   at System.Net.Security.SslStream.ReceiveBlobAsync[TIOAdapter](TIOAdapter adapter)
   at System.Net.Security.SslStream.ForceAuthenticationAsync[TIOAdapter](TIOAdapter adapter, Boolean receiveFirst, Byte[] reAuthenticationData, Boolean isApm)
   at Microsoft.AspNetCore.Server.Kestrel.Https.Internal.HttpsConnectionMiddleware.OnConnectionAsync(ConnectionContext context)

2022-11-23 11:17:05.196 +05:30  DBG  Connection id "0HMMD2OJD64TB" stopped.
2022-11-23 11:17:05.196 +05:30  DBG  Connection id "0HMMD2OJD64TA" stopped.
2022-11-23 11:17:05.198 +05:30  DBG  Connection id "0HMMD2OJD64TB" sending FIN because: "The Socket transport's send loop completed gracefully."
2022-11-23 11:17:05.198 +05:30  DBG  Connection id "0HMMD2OJD64TA" sending FIN because: "The Socket transport's send loop completed gracefully."
2022-11-23 11:17:06.013 +05:30  DBG  Connection id "0HMMD2OJD64TC" accepted.
2022-11-23 11:17:06.013 +05:30  DBG  Connection id "0HMMD2OJD64TC" started.
2022-11-23 11:17:06.112 +05:30  DBG  Connection 0HMMD2OJD64TC established using the following protocol: "Tls13"
2022-11-23 11:17:06.184 +05:30  INF  Request starting HTTP/2 GET https://localhost:7119/ - -
2022-11-23 11:17:06.267 +05:30  DBG  Wildcard detected, all requests with hosts will be allowed.
2022-11-23 11:17:06.272 +05:30  DBG  The request path / does not match a supported file type
2022-11-23 11:17:06.316 +05:30  DBG  1 candidate(s) found for the request path '/'
2022-11-23 11:17:06.324 +05:30  DBG  Endpoint 'FoodDeliveryApplication.Controllers.HomeController.Index (FoodDeliveryApplication)' with route pattern '{controller=Home}/{action=Index}/{id?}' is valid for the request path '/'
2022-11-23 11:17:06.324 +05:30  DBG  Request matched endpoint 'FoodDeliveryApplication.Controllers.HomeController.Index (FoodDeliveryApplication)'
2022-11-23 11:17:06.332 +05:30  INF  Executing endpoint 'FoodDeliveryApplication.Controllers.HomeController.Index (FoodDeliveryApplication)'
2022-11-23 11:17:06.373 +05:30  INF  Route matched with {action = "Index", controller = "Home"}. Executing controller action with signature Microsoft.AspNetCore.Mvc.IActionResult Index() on controller FoodDeliveryApplication.Controllers.HomeController (FoodDeliveryApplication).
2022-11-23 11:17:06.374 +05:30  DBG  Execution plan of authorization filters (in the following order): ["None"]
2022-11-23 11:17:06.375 +05:30  DBG  Execution plan of resource filters (in the following order): ["Microsoft.AspNetCore.Mvc.ViewFeatures.Filters.SaveTempDataFilter"]
2022-11-23 11:17:06.375 +05:30  DBG  Execution plan of action filters (in the following order): ["Microsoft.AspNetCore.Mvc.Filters.ControllerActionFilter (Order: -2147483648)","Microsoft.AspNetCore.Mvc.ModelBinding.UnsupportedContentTypeFilter (Order: -3000)"]
2022-11-23 11:17:06.375 +05:30  DBG  Execution plan of exception filters (in the following order): ["None"]
2022-11-23 11:17:06.375 +05:30  DBG  Execution plan of result filters (in the following order): ["Microsoft.AspNetCore.Mvc.ViewFeatures.Filters.SaveTempDataFilter"]
2022-11-23 11:17:06.376 +05:30  DBG  Executing controller factory for controller FoodDeliveryApplication.Controllers.HomeController (FoodDeliveryApplication)
2022-11-23 11:17:06.377 +05:30  DBG  Executed controller factory for controller FoodDeliveryApplication.Controllers.HomeController (FoodDeliveryApplication)
2022-11-23 11:17:06.381 +05:30  DBG  View lookup cache miss for view 'Index' in controller 'Home'.
2022-11-23 11:17:06.390 +05:30  INF  Executing ViewResult, running view Index.
2022-11-23 11:17:06.397 +05:30  DBG  The view path '/Views/Home/Index.cshtml' was found in 9.0987ms.
2022-11-23 11:17:06.444 +05:30  DBG  View lookup cache miss for view '_Layout' in controller 'Home'.
2022-11-23 11:17:06.494 +05:30  DBG  Found the endpoints ["Route: {controller=Home}/{action=Index}/{id?}"] for address Microsoft.AspNetCore.Routing.RouteValuesAddress
2022-11-23 11:17:06.526 +05:30  DBG  Successfully processed template {controller=Home}/{action=Index}/{id?} for Route: {controller=Home}/{action=Index}/{id?} resulting in  and 
2022-11-23 11:17:06.527 +05:30  DBG  Link generation succeeded for endpoints ["Route: {controller=Home}/{action=Index}/{id?}"] with result /
2022-11-23 11:17:06.528 +05:30  DBG  Found the endpoints ["Route: {controller=Home}/{action=Index}/{id?}"] for address Microsoft.AspNetCore.Routing.RouteValuesAddress
2022-11-23 11:17:06.529 +05:30  DBG  Successfully processed template {controller=Home}/{action=Index}/{id?} for Route: {controller=Home}/{action=Index}/{id?} resulting in  and 
2022-11-23 11:17:06.529 +05:30  DBG  Link generation succeeded for endpoints ["Route: {controller=Home}/{action=Index}/{id?}"] with result /
2022-11-23 11:17:06.529 +05:30  DBG  Found the endpoints ["Route: {controller=Home}/{action=Index}/{id?}"] for address Microsoft.AspNetCore.Routing.RouteValuesAddress
2022-11-23 11:17:06.529 +05:30  DBG  Successfully processed template {controller=Home}/{action=Index}/{id?} for Route: {controller=Home}/{action=Index}/{id?} resulting in /FoodSite/CreateAccount and 
2022-11-23 11:17:06.529 +05:30  DBG  Link generation succeeded for endpoints ["Route: {controller=Home}/{action=Index}/{id?}"] with result /FoodSite/CreateAccount
2022-11-23 11:17:06.530 +05:30  DBG  Found the endpoints ["Route: {controller=Home}/{action=Index}/{id?}"] for address Microsoft.AspNetCore.Routing.RouteValuesAddress
2022-11-23 11:17:06.530 +05:30  DBG  Successfully processed template {controller=Home}/{action=Index}/{id?} for Route: {controller=Home}/{action=Index}/{id?} resulting in /FoodSite/Login and 
2022-11-23 11:17:06.530 +05:30  DBG  Link generation succeeded for endpoints ["Route: {controller=Home}/{action=Index}/{id?}"] with result /FoodSite/Login
2022-11-23 11:17:06.536 +05:30  DBG  View lookup cache miss for view '_Notification' in controller 'Home'.
2022-11-23 11:17:06.543 +05:30  DBG  The temp data cookie .AspNetCore.Mvc.CookieTempDataProvider was not found.
2022-11-23 11:17:06.544 +05:30  DBG  Found the endpoints ["Route: {controller=Home}/{action=Index}/{id?}"] for address Microsoft.AspNetCore.Routing.RouteValuesAddress
2022-11-23 11:17:06.544 +05:30  DBG  Successfully processed template {controller=Home}/{action=Index}/{id?} for Route: {controller=Home}/{action=Index}/{id?} resulting in /Home/Privacy and 
2022-11-23 11:17:06.544 +05:30  DBG  Link generation succeeded for endpoints ["Route: {controller=Home}/{action=Index}/{id?}"] with result /Home/Privacy
2022-11-23 11:17:06.807 +05:30  INF  Executed ViewResult - view Index executed in 426.2417ms.
2022-11-23 11:17:06.814 +05:30  INF  Executed action FoodDeliveryApplication.Controllers.HomeController.Index (FoodDeliveryApplication) in 438.4837ms
2022-11-23 11:17:06.814 +05:30  INF  Executed endpoint 'FoodDeliveryApplication.Controllers.HomeController.Index (FoodDeliveryApplication)'
2022-11-23 11:17:06.825 +05:30  DBG  Response markup is scheduled to include browser refresh script injection.
2022-11-23 11:17:06.855 +05:30  DBG  Response markup was updated to include browser refresh script injection.
2022-11-23 11:17:06.861 +05:30  INF  Request finished HTTP/2 GET https://localhost:7119/ - - - 200 - text/html;+charset=utf-8 681.4394ms
2022-11-23 11:17:06.884 +05:30  INF  Request starting HTTP/2 GET https://localhost:7119/_framework/aspnetcore-browser-refresh.js - -
2022-11-23 11:17:06.885 +05:30  INF  Request starting HTTP/2 GET https://localhost:7119/_vs/browserLink - -
2022-11-23 11:17:06.893 +05:30  INF  Request finished HTTP/2 GET https://localhost:7119/_framework/aspnetcore-browser-refresh.js - - - 200 12016 application/javascript;+charset=utf-8 8.8711ms
2022-11-23 11:17:06.906 +05:30  INF  Request finished HTTP/2 GET https://localhost:7119/_vs/browserLink - - - 200 - text/javascript;+charset=UTF-8 21.3617ms
2022-11-23 11:17:08.790 +05:30  INF  Request starting HTTP/2 GET https://localhost:7119/FoodSite/CreateAccount - -
2022-11-23 11:17:08.792 +05:30  DBG  The request path /FoodSite/CreateAccount does not match a supported file type
2022-11-23 11:17:08.794 +05:30  DBG  1 candidate(s) found for the request path '/FoodSite/CreateAccount'
2022-11-23 11:17:08.794 +05:30  DBG  Endpoint 'FoodDeliveryApplication.Controllers.FoodSiteController.CreateAccount (FoodDeliveryApplication)' with route pattern '{controller=Home}/{action=Index}/{id?}' is valid for the request path '/FoodSite/CreateAccount'
2022-11-23 11:17:08.794 +05:30  DBG  Request matched endpoint 'FoodDeliveryApplication.Controllers.FoodSiteController.CreateAccount (FoodDeliveryApplication)'
2022-11-23 11:17:08.795 +05:30  INF  Executing endpoint 'FoodDeliveryApplication.Controllers.FoodSiteController.CreateAccount (FoodDeliveryApplication)'
2022-11-23 11:17:08.796 +05:30  INF  Route matched with {action = "CreateAccount", controller = "FoodSite"}. Executing controller action with signature Microsoft.AspNetCore.Mvc.IActionResult CreateAccount() on controller FoodDeliveryApplication.Controllers.FoodSiteController (FoodDeliveryApplication).
2022-11-23 11:17:08.796 +05:30  DBG  Execution plan of authorization filters (in the following order): ["None"]
2022-11-23 11:17:08.796 +05:30  DBG  Execution plan of resource filters (in the following order): ["Microsoft.AspNetCore.Mvc.ViewFeatures.Filters.SaveTempDataFilter"]
2022-11-23 11:17:08.796 +05:30  DBG  Execution plan of action filters (in the following order): ["Microsoft.AspNetCore.Mvc.Filters.ControllerActionFilter (Order: -2147483648)","Microsoft.AspNetCore.Mvc.ModelBinding.UnsupportedContentTypeFilter (Order: -3000)"]
2022-11-23 11:17:08.796 +05:30  DBG  Execution plan of exception filters (in the following order): ["FoodDeliveryApplication.CustomExceptionFilter"]
2022-11-23 11:17:08.796 +05:30  DBG  Execution plan of result filters (in the following order): ["Microsoft.AspNetCore.Mvc.ViewFeatures.Filters.SaveTempDataFilter"]
2022-11-23 11:17:08.796 +05:30  DBG  Executing controller factory for controller FoodDeliveryApplication.Controllers.FoodSiteController (FoodDeliveryApplication)
2022-11-23 11:17:08.797 +05:30  DBG  Executed controller factory for controller FoodDeliveryApplication.Controllers.FoodSiteController (FoodDeliveryApplication)
2022-11-23 11:17:08.797 +05:30  DBG  View lookup cache miss for view 'CreateAccount' in controller 'FoodSite'.
2022-11-23 11:17:08.797 +05:30  INF  Executing ViewResult, running view CreateAccount.
2022-11-23 11:17:08.798 +05:30  DBG  The view path '/Views/FoodSite/CreateAccount.cshtml' was found in 0.6427ms.
2022-11-23 11:17:08.804 +05:30  DBG  An antiforgery cookie token was reused.
2022-11-23 11:17:08.896 +05:30  DBG  Found the endpoints ["Route: {controller=Home}/{action=Index}/{id?}"] for address Microsoft.AspNetCore.Routing.RouteValuesAddress
2022-11-23 11:17:08.896 +05:30  DBG  Successfully processed template {controller=Home}/{action=Index}/{id?} for Route: {controller=Home}/{action=Index}/{id?} resulting in /FoodSite/Login and 
2022-11-23 11:17:08.897 +05:30  DBG  Link generation succeeded for endpoints ["Route: {controller=Home}/{action=Index}/{id?}"] with result /FoodSite/Login
2022-11-23 11:17:08.897 +05:30  DBG  View lookup cache miss for view '_Layout' in controller 'FoodSite'.
2022-11-23 11:17:08.898 +05:30  DBG  Found the endpoints ["Route: {controller=Home}/{action=Index}/{id?}"] for address Microsoft.AspNetCore.Routing.RouteValuesAddress
2022-11-23 11:17:08.898 +05:30  DBG  Successfully processed template {controller=Home}/{action=Index}/{id?} for Route: {controller=Home}/{action=Index}/{id?} resulting in  and 
2022-11-23 11:17:08.898 +05:30  DBG  Link generation succeeded for endpoints ["Route: {controller=Home}/{action=Index}/{id?}"] with result /
2022-11-23 11:17:08.898 +05:30  DBG  Found the endpoints ["Route: {controller=Home}/{action=Index}/{id?}"] for address Microsoft.AspNetCore.Routing.RouteValuesAddress
2022-11-23 11:17:08.898 +05:30  DBG  Successfully processed template {controller=Home}/{action=Index}/{id?} for Route: {controller=Home}/{action=Index}/{id?} resulting in  and 
2022-11-23 11:17:08.898 +05:30  DBG  Link generation succeeded for endpoints ["Route: {controller=Home}/{action=Index}/{id?}"] with result /
2022-11-23 11:17:08.898 +05:30  DBG  Found the endpoints ["Route: {controller=Home}/{action=Index}/{id?}"] for address Microsoft.AspNetCore.Routing.RouteValuesAddress
2022-11-23 11:17:08.898 +05:30  DBG  Successfully processed template {controller=Home}/{action=Index}/{id?} for Route: {controller=Home}/{action=Index}/{id?} resulting in /FoodSite/CreateAccount and 
2022-11-23 11:17:08.899 +05:30  DBG  Link generation succeeded for endpoints ["Route: {controller=Home}/{action=Index}/{id?}"] with result /FoodSite/CreateAccount
2022-11-23 11:17:08.899 +05:30  DBG  Found the endpoints ["Route: {controller=Home}/{action=Index}/{id?}"] for address Microsoft.AspNetCore.Routing.RouteValuesAddress
2022-11-23 11:17:08.899 +05:30  DBG  Successfully processed template {controller=Home}/{action=Index}/{id?} for Route: {controller=Home}/{action=Index}/{id?} resulting in /FoodSite/Login and 
2022-11-23 11:17:08.899 +05:30  DBG  Link generation succeeded for endpoints ["Route: {controller=Home}/{action=Index}/{id?}"] with result /FoodSite/Login
2022-11-23 11:17:08.899 +05:30  DBG  View lookup cache miss for view '_Notification' in controller 'FoodSite'.
2022-11-23 11:17:08.899 +05:30  DBG  The temp data cookie .AspNetCore.Mvc.CookieTempDataProvider was not found.
2022-11-23 11:17:08.899 +05:30  DBG  Found the endpoints ["Route: {controller=Home}/{action=Index}/{id?}"] for address Microsoft.AspNetCore.Routing.RouteValuesAddress
2022-11-23 11:17:08.899 +05:30  DBG  Successfully processed template {controller=Home}/{action=Index}/{id?} for Route: {controller=Home}/{action=Index}/{id?} resulting in /Home/Privacy and 
2022-11-23 11:17:08.899 +05:30  DBG  Link generation succeeded for endpoints ["Route: {controller=Home}/{action=Index}/{id?}"] with result /Home/Privacy
2022-11-23 11:17:08.904 +05:30  INF  Executed ViewResult - view CreateAccount executed in 106.801ms.
2022-11-23 11:17:08.904 +05:30  INF  Executed action FoodDeliveryApplication.Controllers.FoodSiteController.CreateAccount (FoodDeliveryApplication) in 108.0338ms
2022-11-23 11:17:08.904 +05:30  INF  Executed endpoint 'FoodDeliveryApplication.Controllers.FoodSiteController.CreateAccount (FoodDeliveryApplication)'
2022-11-23 11:17:08.905 +05:30  DBG  Response markup is scheduled to include browser refresh script injection.
2022-11-23 11:17:08.906 +05:30  DBG  Response markup was updated to include browser refresh script injection.
2022-11-23 11:17:08.906 +05:30  INF  Request finished HTTP/2 GET https://localhost:7119/FoodSite/CreateAccount - - - 200 - text/html;+charset=utf-8 116.1565ms
2022-11-23 11:17:08.935 +05:30  INF  Request starting HTTP/2 GET https://localhost:7119/_vs/browserLink - -
2022-11-23 11:17:08.938 +05:30  INF  Request starting HTTP/2 GET https://localhost:7119/_framework/aspnetcore-browser-refresh.js - -
2022-11-23 11:17:08.939 +05:30  INF  Request finished HTTP/2 GET https://localhost:7119/_framework/aspnetcore-browser-refresh.js - - - 200 12016 application/javascript;+charset=utf-8 0.3437ms
2022-11-23 11:17:08.960 +05:30  INF  Request finished HTTP/2 GET https://localhost:7119/_vs/browserLink - - - 200 - text/javascript;+charset=UTF-8 25.2365ms
2022-11-23 11:17:21.912 +05:30  INF  Request starting HTTP/2 POST https://localhost:7119/FoodSite/CreateAccount application/x-www-form-urlencoded 231
2022-11-23 11:17:21.913 +05:30  DBG  POST requests are not supported
2022-11-23 11:17:21.915 +05:30  DBG  2 candidate(s) found for the request path '/FoodSite/CreateAccount'
2022-11-23 11:17:21.915 +05:30  DBG  Endpoint 'FoodDeliveryApplication.Controllers.FoodSiteController.CreateAccount (FoodDeliveryApplication)' with route pattern '{controller=Home}/{action=Index}/{id?}' is valid for the request path '/FoodSite/CreateAccount'
2022-11-23 11:17:21.915 +05:30  DBG  Endpoint 'FoodDeliveryApplication.Controllers.FoodSiteController.CreateAccount (FoodDeliveryApplication)' with route pattern '{controller=Home}/{action=Index}/{id?}' is valid for the request path '/FoodSite/CreateAccount'
2022-11-23 11:17:21.915 +05:30  DBG  Request matched endpoint 'FoodDeliveryApplication.Controllers.FoodSiteController.CreateAccount (FoodDeliveryApplication)'
2022-11-23 11:17:21.916 +05:30  INF  Executing endpoint 'FoodDeliveryApplication.Controllers.FoodSiteController.CreateAccount (FoodDeliveryApplication)'
2022-11-23 11:17:21.926 +05:30  INF  Route matched with {action = "CreateAccount", controller = "FoodSite"}. Executing controller action with signature Microsoft.AspNetCore.Mvc.IActionResult CreateAccount(FoodDeliveryApplication.Models.SignUp) on controller FoodDeliveryApplication.Controllers.FoodSiteController (FoodDeliveryApplication).
2022-11-23 11:17:21.926 +05:30  DBG  Execution plan of authorization filters (in the following order): ["None"]
2022-11-23 11:17:21.926 +05:30  DBG  Execution plan of resource filters (in the following order): ["Microsoft.AspNetCore.Mvc.ViewFeatures.Filters.SaveTempDataFilter"]
2022-11-23 11:17:21.926 +05:30  DBG  Execution plan of action filters (in the following order): ["Microsoft.AspNetCore.Mvc.Filters.ControllerActionFilter (Order: -2147483648)","Microsoft.AspNetCore.Mvc.ModelBinding.UnsupportedContentTypeFilter (Order: -3000)"]
2022-11-23 11:17:21.926 +05:30  DBG  Execution plan of exception filters (in the following order): ["FoodDeliveryApplication.CustomExceptionFilter"]
2022-11-23 11:17:21.926 +05:30  DBG  Execution plan of result filters (in the following order): ["Microsoft.AspNetCore.Mvc.ViewFeatures.Filters.SaveTempDataFilter"]
2022-11-23 11:17:21.926 +05:30  DBG  Executing controller factory for controller FoodDeliveryApplication.Controllers.FoodSiteController (FoodDeliveryApplication)
2022-11-23 11:17:21.926 +05:30  DBG  Executed controller factory for controller FoodDeliveryApplication.Controllers.FoodSiteController (FoodDeliveryApplication)
2022-11-23 11:17:21.930 +05:30  DBG  Connection id "0HMMD2OJD64TC", Request id "0HMMD2OJD64TC:0000000D": started reading request body.
2022-11-23 11:17:21.930 +05:30  DBG  Connection id "0HMMD2OJD64TC", Request id "0HMMD2OJD64TC:0000000D": done reading request body.
2022-11-23 11:17:21.934 +05:30  DBG  Attempting to bind parameter 'signup' of type 'FoodDeliveryApplication.Models.SignUp' ...
2022-11-23 11:17:21.936 +05:30  DBG  Attempting to bind parameter 'signup' of type 'FoodDeliveryApplication.Models.SignUp' using the name '' in request data ...
2022-11-23 11:17:21.939 +05:30  DBG  Attempting to bind property 'FoodDeliveryApplication.Models.SignUp.UserName' of type 'System.String' using the name 'UserName' in request data ...
2022-11-23 11:17:21.939 +05:30  DBG  Done attempting to bind property 'FoodDeliveryApplication.Models.SignUp.UserName' of type 'System.String'.
2022-11-23 11:17:21.940 +05:30  DBG  Attempting to bind property 'FoodDeliveryApplication.Models.SignUp.Email' of type 'System.String' using the name 'Email' in request data ...
2022-11-23 11:17:21.940 +05:30  DBG  Done attempting to bind property 'FoodDeliveryApplication.Models.SignUp.Email' of type 'System.String'.
2022-11-23 11:17:21.940 +05:30  DBG  Attempting to bind property 'FoodDeliveryApplication.Models.SignUp.Password' of type 'System.String' using the name 'Password' in request data ...
2022-11-23 11:17:21.940 +05:30  DBG  Done attempting to bind property 'FoodDeliveryApplication.Models.SignUp.Password' of type 'System.String'.
2022-11-23 11:17:21.941 +05:30  DBG  Done attempting to bind parameter 'signup' of type 'FoodDeliveryApplication.Models.SignUp'.
2022-11-23 11:17:21.941 +05:30  DBG  Done attempting to bind parameter 'signup' of type 'FoodDeliveryApplication.Models.SignUp'.
2022-11-23 11:17:21.941 +05:30  DBG  Attempting to validate the bound parameter 'signup' of type 'FoodDeliveryApplication.Models.SignUp' ...
2022-11-23 11:17:21.944 +05:30  DBG  Done attempting to validate the bound parameter 'signup' of type 'FoodDeliveryApplication.Models.SignUp'.
2022-11-23 11:17:54.660 +05:30  INF  A new Account Created with UserName Ron
2022-11-23 11:17:55.050 +05:30  DBG  View lookup cache miss for view 'Login' in controller 'FoodSite'.
2022-11-23 11:17:55.085 +05:30  INF  Executing ViewResult, running view Login.
2022-11-23 11:17:55.085 +05:30  DBG  The view path '/Views/FoodSite/Login.cshtml' was found in 34.2705ms.
2022-11-23 11:17:55.320 +05:30  DBG  An antiforgery cookie token was reused.
2022-11-23 11:17:55.332 +05:30  DBG  Found the endpoints ["Route: {controller=Home}/{action=Index}/{id?}"] for address Microsoft.AspNetCore.Routing.RouteValuesAddress
2022-11-23 11:17:55.332 +05:30  DBG  Successfully processed template {controller=Home}/{action=Index}/{id?} for Route: {controller=Home}/{action=Index}/{id?} resulting in /FoodSite/CreateAccount and 
2022-11-23 11:17:55.332 +05:30  DBG  Link generation succeeded for endpoints ["Route: {controller=Home}/{action=Index}/{id?}"] with result /FoodSite/CreateAccount
2022-11-23 11:17:55.334 +05:30  DBG  View lookup cache hit for view '_Layout' in controller 'FoodSite'.
2022-11-23 11:17:55.458 +05:30  DBG  Found the endpoints ["Route: {controller=Home}/{action=Index}/{id?}"] for address Microsoft.AspNetCore.Routing.RouteValuesAddress
2022-11-23 11:17:55.458 +05:30  DBG  Successfully processed template {controller=Home}/{action=Index}/{id?} for Route: {controller=Home}/{action=Index}/{id?} resulting in  and 
2022-11-23 11:17:55.458 +05:30  DBG  Link generation succeeded for endpoints ["Route: {controller=Home}/{action=Index}/{id?}"] with result /
2022-11-23 11:17:55.458 +05:30  DBG  Found the endpoints ["Route: {controller=Home}/{action=Index}/{id?}"] for address Microsoft.AspNetCore.Routing.RouteValuesAddress
2022-11-23 11:17:55.458 +05:30  DBG  Successfully processed template {controller=Home}/{action=Index}/{id?} for Route: {controller=Home}/{action=Index}/{id?} resulting in  and 
2022-11-23 11:17:55.458 +05:30  DBG  Link generation succeeded for endpoints ["Route: {controller=Home}/{action=Index}/{id?}"] with result /
2022-11-23 11:17:55.458 +05:30  DBG  Found the endpoints ["Route: {controller=Home}/{action=Index}/{id?}"] for address Microsoft.AspNetCore.Routing.RouteValuesAddress
2022-11-23 11:17:55.458 +05:30  DBG  Successfully processed template {controller=Home}/{action=Index}/{id?} for Route: {controller=Home}/{action=Index}/{id?} resulting in /FoodSite/CreateAccount and 
2022-11-23 11:17:55.458 +05:30  DBG  Link generation succeeded for endpoints ["Route: {controller=Home}/{action=Index}/{id?}"] with result /FoodSite/CreateAccount
2022-11-23 11:17:55.458 +05:30  DBG  Found the endpoints ["Route: {controller=Home}/{action=Index}/{id?}"] for address Microsoft.AspNetCore.Routing.RouteValuesAddress
2022-11-23 11:17:55.458 +05:30  DBG  Successfully processed template {controller=Home}/{action=Index}/{id?} for Route: {controller=Home}/{action=Index}/{id?} resulting in /FoodSite/Login and 
2022-11-23 11:17:55.458 +05:30  DBG  Link generation succeeded for endpoints ["Route: {controller=Home}/{action=Index}/{id?}"] with result /FoodSite/Login
2022-11-23 11:17:55.458 +05:30  DBG  View lookup cache hit for view '_Notification' in controller 'FoodSite'.
2022-11-23 11:17:55.458 +05:30  DBG  The temp data cookie .AspNetCore.Mvc.CookieTempDataProvider was not found.
2022-11-23 11:17:55.458 +05:30  DBG  Found the endpoints ["Route: {controller=Home}/{action=Index}/{id?}"] for address Microsoft.AspNetCore.Routing.RouteValuesAddress
2022-11-23 11:17:55.458 +05:30  DBG  Successfully processed template {controller=Home}/{action=Index}/{id?} for Route: {controller=Home}/{action=Index}/{id?} resulting in /Home/Privacy and 
2022-11-23 11:17:55.458 +05:30  DBG  Link generation succeeded for endpoints ["Route: {controller=Home}/{action=Index}/{id?}"] with result /Home/Privacy
2022-11-23 11:17:55.466 +05:30  INF  Executed ViewResult - view Login executed in 415.7595ms.
2022-11-23 11:17:55.466 +05:30  INF  Executed action FoodDeliveryApplication.Controllers.FoodSiteController.CreateAccount (FoodDeliveryApplication) in 33540.3375ms
2022-11-23 11:17:55.466 +05:30  INF  Executed endpoint 'FoodDeliveryApplication.Controllers.FoodSiteController.CreateAccount (FoodDeliveryApplication)'
2022-11-23 11:17:55.472 +05:30  DBG  Response markup is scheduled to include browser refresh script injection.
2022-11-23 11:17:55.472 +05:30  DBG  Response markup was updated to include browser refresh script injection.
2022-11-23 11:17:55.472 +05:30  INF  Request finished HTTP/2 POST https://localhost:7119/FoodSite/CreateAccount application/x-www-form-urlencoded 231 - 200 - text/html;+charset=utf-8 33560.7946ms
2022-11-23 11:17:55.520 +05:30  INF  Request starting HTTP/2 GET https://localhost:7119/_vs/browserLink - -
2022-11-23 11:17:55.535 +05:30  INF  Request finished HTTP/2 GET https://localhost:7119/_vs/browserLink - - - 200 - text/javascript;+charset=UTF-8 14.8758ms
2022-11-23 11:17:55.539 +05:30  INF  Request starting HTTP/2 GET https://localhost:7119/_framework/aspnetcore-browser-refresh.js - -
2022-11-23 11:17:55.539 +05:30  INF  Request finished HTTP/2 GET https://localhost:7119/_framework/aspnetcore-browser-refresh.js - - - 200 12016 application/javascript;+charset=utf-8 0.3339ms
2022-11-23 11:17:58.228 +05:30  INF  Request starting HTTP/2 POST https://localhost:7119/FoodSite/CreateAccount application/x-www-form-urlencoded 209
2022-11-23 11:17:58.229 +05:30  DBG  POST requests are not supported
2022-11-23 11:17:58.229 +05:30  DBG  2 candidate(s) found for the request path '/FoodSite/CreateAccount'
2022-11-23 11:17:58.229 +05:30  DBG  Endpoint 'FoodDeliveryApplication.Controllers.FoodSiteController.CreateAccount (FoodDeliveryApplication)' with route pattern '{controller=Home}/{action=Index}/{id?}' is valid for the request path '/FoodSite/CreateAccount'
2022-11-23 11:17:58.229 +05:30  DBG  Endpoint 'FoodDeliveryApplication.Controllers.FoodSiteController.CreateAccount (FoodDeliveryApplication)' with route pattern '{controller=Home}/{action=Index}/{id?}' is valid for the request path '/FoodSite/CreateAccount'
2022-11-23 11:17:58.229 +05:30  DBG  Request matched endpoint 'FoodDeliveryApplication.Controllers.FoodSiteController.CreateAccount (FoodDeliveryApplication)'
2022-11-23 11:17:58.229 +05:30  INF  Executing endpoint 'FoodDeliveryApplication.Controllers.FoodSiteController.CreateAccount (FoodDeliveryApplication)'
2022-11-23 11:17:58.230 +05:30  INF  Route matched with {action = "CreateAccount", controller = "FoodSite"}. Executing controller action with signature Microsoft.AspNetCore.Mvc.IActionResult CreateAccount(FoodDeliveryApplication.Models.SignUp) on controller FoodDeliveryApplication.Controllers.FoodSiteController (FoodDeliveryApplication).
2022-11-23 11:17:58.230 +05:30  DBG  Execution plan of authorization filters (in the following order): ["None"]
2022-11-23 11:17:58.230 +05:30  DBG  Execution plan of resource filters (in the following order): ["Microsoft.AspNetCore.Mvc.ViewFeatures.Filters.SaveTempDataFilter"]
2022-11-23 11:17:58.230 +05:30  DBG  Execution plan of action filters (in the following order): ["Microsoft.AspNetCore.Mvc.Filters.ControllerActionFilter (Order: -2147483648)","Microsoft.AspNetCore.Mvc.ModelBinding.UnsupportedContentTypeFilter (Order: -3000)"]
2022-11-23 11:17:58.230 +05:30  DBG  Execution plan of exception filters (in the following order): ["FoodDeliveryApplication.CustomExceptionFilter"]
2022-11-23 11:17:58.230 +05:30  DBG  Execution plan of result filters (in the following order): ["Microsoft.AspNetCore.Mvc.ViewFeatures.Filters.SaveTempDataFilter"]
2022-11-23 11:17:58.230 +05:30  DBG  Executing controller factory for controller FoodDeliveryApplication.Controllers.FoodSiteController (FoodDeliveryApplication)
2022-11-23 11:17:58.230 +05:30  DBG  Executed controller factory for controller FoodDeliveryApplication.Controllers.FoodSiteController (FoodDeliveryApplication)
2022-11-23 11:17:58.230 +05:30  DBG  Connection id "0HMMD2OJD64TC", Request id "0HMMD2OJD64TC:00000013": started reading request body.
2022-11-23 11:17:58.230 +05:30  DBG  Connection id "0HMMD2OJD64TC", Request id "0HMMD2OJD64TC:00000013": done reading request body.
2022-11-23 11:17:58.230 +05:30  DBG  Attempting to bind parameter 'signup' of type 'FoodDeliveryApplication.Models.SignUp' ...
2022-11-23 11:17:58.231 +05:30  DBG  Attempting to bind parameter 'signup' of type 'FoodDeliveryApplication.Models.SignUp' using the name '' in request data ...
2022-11-23 11:17:58.231 +05:30  DBG  Attempting to bind property 'FoodDeliveryApplication.Models.SignUp.UserName' of type 'System.String' using the name 'UserName' in request data ...
2022-11-23 11:17:58.231 +05:30  DBG  Done attempting to bind property 'FoodDeliveryApplication.Models.SignUp.UserName' of type 'System.String'.
2022-11-23 11:17:58.231 +05:30  DBG  Attempting to bind property 'FoodDeliveryApplication.Models.SignUp.Email' of type 'System.String' using the name 'Email' in request data ...
2022-11-23 11:17:58.231 +05:30  DBG  Could not find a value in the request with name 'Email' for binding property 'FoodDeliveryApplication.Models.SignUp.Email' of type 'System.String'.
2022-11-23 11:17:58.231 +05:30  DBG  Done attempting to bind property 'FoodDeliveryApplication.Models.SignUp.Email' of type 'System.String'.
2022-11-23 11:17:58.231 +05:30  DBG  Attempting to bind property 'FoodDeliveryApplication.Models.SignUp.Password' of type 'System.String' using the name 'Password' in request data ...
2022-11-23 11:17:58.231 +05:30  DBG  Done attempting to bind property 'FoodDeliveryApplication.Models.SignUp.Password' of type 'System.String'.
2022-11-23 11:17:58.232 +05:30  DBG  Done attempting to bind parameter 'signup' of type 'FoodDeliveryApplication.Models.SignUp'.
2022-11-23 11:17:58.232 +05:30  DBG  Done attempting to bind parameter 'signup' of type 'FoodDeliveryApplication.Models.SignUp'.
2022-11-23 11:17:58.232 +05:30  DBG  Attempting to validate the bound parameter 'signup' of type 'FoodDeliveryApplication.Models.SignUp' ...
2022-11-23 11:17:58.232 +05:30  DBG  Done attempting to validate the bound parameter 'signup' of type 'FoodDeliveryApplication.Models.SignUp'.
