2022-11-23 11:16:20.201 +05:30  INF  A new Account Created with UserName John
2022-11-23 11:16:20.216 +05:30  ERR  An error encountered while processing the request
2022-11-23 11:16:43.338 +05:30  DBG  Initializing Razor view compiler with compiled view: '/Views/FoodSite/CancelOrder.cshtml'.
2022-11-23 11:16:43.375 +05:30  DBG  Initializing Razor view compiler with compiled view: '/Views/FoodSite/Cart.cshtml'.
2022-11-23 11:16:43.375 +05:30  DBG  Initializing Razor view compiler with compiled view: '/Views/FoodSite/CreateAccount.cshtml'.
2022-11-23 11:16:43.375 +05:30  DBG  Initializing Razor view compiler with compiled view: '/Views/FoodSite/CustomerDetails.cshtml'.
2022-11-23 11:16:43.380 +05:30  DBG  Initializing Razor view compiler with compiled view: '/Views/FoodSite/Login.cshtml'.
2022-11-23 11:16:43.380 +05:30  DBG  Initializing Razor view compiler with compiled view: '/Views/FoodSite/Menu.cshtml'.
2022-11-23 11:16:43.380 +05:30  DBG  Initializing Razor view compiler with compiled view: '/Views/FoodSite/OrderStatus.cshtml'.
2022-11-23 11:16:43.380 +05:30  DBG  Initializing Razor view compiler with compiled view: '/Views/FoodSite/PlaceOrder.cshtml'.
2022-11-23 11:16:43.380 +05:30  DBG  Initializing Razor view compiler with compiled view: '/Views/FoodSite/Restaurants.cshtml'.
2022-11-23 11:16:43.380 +05:30  DBG  Initializing Razor view compiler with compiled view: '/Views/Home/Index.cshtml'.
2022-11-23 11:16:43.380 +05:30  DBG  Initializing Razor view compiler with compiled view: '/Views/Home/Privacy.cshtml'.
2022-11-23 11:16:43.380 +05:30  DBG  Initializing Razor view compiler with compiled view: '/Views/Shared/Error.cshtml'.
2022-11-23 11:16:43.380 +05:30  DBG  Initializing Razor view compiler with compiled view: '/Views/Shared/_Notification.cshtml'.
2022-11-23 11:16:43.380 +05:30  DBG  Initializing Razor view compiler with compiled view: '/Views/Shared/_ValidationScriptsPartial.cshtml'.
2022-11-23 11:16:43.380 +05:30  DBG  Initializing Razor view compiler with compiled view: '/Views/_ViewImports.cshtml'.
2022-11-23 11:16:43.380 +05:30  DBG  Initializing Razor view compiler with compiled view: '/Views/_ViewStart.cshtml'.
2022-11-23 11:16:43.380 +05:30  DBG  Initializing Razor view compiler with compiled view: '/Views/Shared/_Layout.cshtml'.
2022-11-23 11:16:43.388 +05:30  DBG  Registered model binder providers, in the following order: ["Microsoft.AspNetCore.Mvc.ModelBinding.Binders.BinderTypeModelBinderProvider","Microsoft.AspNetCore.Mvc.ModelBinding.Binders.ServicesModelBinderProvider","Microsoft.AspNetCore.Mvc.ModelBinding.Binders.BodyModelBinderProvider","Microsoft.AspNetCore.Mvc.ModelBinding.Binders.HeaderModelBinderProvider","Microsoft.AspNetCore.Mvc.ModelBinding.Binders.FloatingPointTypeModelBinderProvider","Microsoft.AspNetCore.Mvc.ModelBinding.Binders.EnumTypeModelBinderProvider","Microsoft.AspNetCore.Mvc.ModelBinding.Binders.DateTimeModelBinderProvider","Microsoft.AspNetCore.Mvc.ModelBinding.Binders.SimpleTypeModelBinderProvider","Microsoft.AspNetCore.Mvc.ModelBinding.Binders.CancellationTokenModelBinderProvider","Microsoft.AspNetCore.Mvc.ModelBinding.Binders.ByteArrayModelBinderProvider","Microsoft.AspNetCore.Mvc.ModelBinding.Binders.FormFileModelBinderProvider","Microsoft.AspNetCore.Mvc.ModelBinding.Binders.FormCollectionModelBinderProvider","Microsoft.AspNetCore.Mvc.ModelBinding.Binders.KeyValuePairModelBinderProvider","Microsoft.AspNetCore.Mvc.ModelBinding.Binders.DictionaryModelBinderProvider","Microsoft.AspNetCore.Mvc.ModelBinding.Binders.ArrayModelBinderProvider","Microsoft.AspNetCore.Mvc.ModelBinding.Binders.CollectionModelBinderProvider","Microsoft.AspNetCore.Mvc.ModelBinding.Binders.ComplexObjectModelBinderProvider"]
2022-11-23 11:16:43.451 +05:30  DBG  Hosting starting
2022-11-23 11:16:43.513 +05:30  INF  User profile is available. Using 'C:\Users\raksha_ganyarpawar\AppData\Local\ASP.NET\DataProtection-Keys' as key repository and Windows DPAPI to encrypt keys at rest.
2022-11-23 11:16:43.516 +05:30  DBG  Reading data from file 'C:\Users\raksha_ganyarpawar\AppData\Local\ASP.NET\DataProtection-Keys\key-79ad8948-c6a7-4098-9250-f7b29548ac6d.xml'.
2022-11-23 11:16:43.519 +05:30  DBG  Reading data from file 'C:\Users\raksha_ganyarpawar\AppData\Local\ASP.NET\DataProtection-Keys\key-fcbc33c9-fbe1-4aff-8638-219c50a28b3b.xml'.
2022-11-23 11:16:43.523 +05:30  DBG  Found key {79ad8948-c6a7-4098-9250-f7b29548ac6d}.
2022-11-23 11:16:43.525 +05:30  DBG  Found key {fcbc33c9-fbe1-4aff-8638-219c50a28b3b}.
2022-11-23 11:16:43.529 +05:30  DBG  Considering key {79ad8948-c6a7-4098-9250-f7b29548ac6d} with expiration date 2023-01-30 18:09:53Z as default key.
2022-11-23 11:16:43.530 +05:30  DBG  Forwarded activator type request from Microsoft.AspNetCore.DataProtection.XmlEncryption.DpapiXmlDecryptor, Microsoft.AspNetCore.DataProtection, Version=6.0.0.0, Culture=neutral, PublicKeyToken=adb9793829ddae60 to Microsoft.AspNetCore.DataProtection.XmlEncryption.DpapiXmlDecryptor, Microsoft.AspNetCore.DataProtection, Culture=neutral, PublicKeyToken=adb9793829ddae60
2022-11-23 11:16:43.532 +05:30  DBG  Decrypting secret element using Windows DPAPI.
2022-11-23 11:16:43.533 +05:30  DBG  Forwarded activator type request from Microsoft.AspNetCore.DataProtection.AuthenticatedEncryption.ConfigurationModel.AuthenticatedEncryptorDescriptorDeserializer, Microsoft.AspNetCore.DataProtection, Version=6.0.0.0, Culture=neutral, PublicKeyToken=adb9793829ddae60 to Microsoft.AspNetCore.DataProtection.AuthenticatedEncryption.ConfigurationModel.AuthenticatedEncryptorDescriptorDeserializer, Microsoft.AspNetCore.DataProtection, Culture=neutral, PublicKeyToken=adb9793829ddae60
2022-11-23 11:16:43.536 +05:30  DBG  Opening CNG algorithm 'AES' from provider 'null' with chaining mode CBC.
2022-11-23 11:16:43.537 +05:30  DBG  Opening CNG algorithm 'SHA256' from provider 'null' with HMAC.
2022-11-23 11:16:43.539 +05:30  DBG  Using key {79ad8948-c6a7-4098-9250-f7b29548ac6d} as the default key.
2022-11-23 11:16:43.539 +05:30  DBG  Key ring with default key {79ad8948-c6a7-4098-9250-f7b29548ac6d} was loaded during application startup.
2022-11-23 11:16:43.677 +05:30  DBG  Using development certificate: CN=localhost (Thumbprint: 4C51C087C884AD5F8F0F2241CBD89F90FD775F40)
2022-11-23 11:16:43.748 +05:30  INF  Now listening on: https://localhost:7119
2022-11-23 11:16:43.748 +05:30  INF  Now listening on: http://localhost:5119
2022-11-23 11:16:43.748 +05:30  DBG  Loaded hosting startup assembly FoodDeliveryApplication
2022-11-23 11:16:43.748 +05:30  DBG  Loaded hosting startup assembly Microsoft.AspNetCore.Watch.BrowserRefresh
2022-11-23 11:16:43.748 +05:30  DBG  Loaded hosting startup assembly Microsoft.WebTools.BrowserLink.Net
2022-11-23 11:16:43.748 +05:30  INF  Application started. Press Ctrl+C to shut down.
2022-11-23 11:16:43.748 +05:30  INF  Hosting environment: Development
2022-11-23 11:16:43.749 +05:30  INF  Content root path: C:\Users\raksha_ganyarpawar\source\repos\FoodDeliveryApplication\FoodDeliveryApplication\
2022-11-23 11:16:43.749 +05:30  DBG  Hosting started
2022-11-23 11:16:44.158 +05:30  DBG  Connection id "0HMMD2OD5OMO8" received FIN.
2022-11-23 11:16:44.163 +05:30  DBG  Connection id "0HMMD2OD5OMO8" accepted.
2022-11-23 11:16:44.164 +05:30  DBG  Connection id "0HMMD2OD5OMO8" started.
2022-11-23 11:16:44.167 +05:30  DBG  Connection id "0HMMD2OD5OMO9" accepted.
2022-11-23 11:16:44.167 +05:30  DBG  Connection id "0HMMD2OD5OMO9" started.
2022-11-23 11:16:44.178 +05:30  DBG  Failed to authenticate HTTPS connection.System.IO.IOException:  Received an unexpected EOF or 0 bytes from the transport stream.
   at System.Net.Security.SslStream.ReceiveBlobAsync[TIOAdapter](TIOAdapter adapter)
   at System.Net.Security.SslStream.ForceAuthenticationAsync[TIOAdapter](TIOAdapter adapter, Boolean receiveFirst, Byte[] reAuthenticationData, Boolean isApm)
   at Microsoft.AspNetCore.Server.Kestrel.Https.Internal.HttpsConnectionMiddleware.OnConnectionAsync(ConnectionContext context)

2022-11-23 11:16:44.230 +05:30  DBG  Connection 0HMMD2OD5OMO9 established using the following protocol: "Tls13"
2022-11-23 11:16:44.236 +05:30  DBG  Connection id "0HMMD2OD5OMO8" stopped.
2022-11-23 11:16:44.236 +05:30  DBG  Connection id "0HMMD2OD5OMO8" sending FIN because: "The Socket transport's send loop completed gracefully."
2022-11-23 11:16:44.265 +05:30  INF  Request starting HTTP/2 POST https://localhost:7119/FoodSite/CreateAccount application/x-www-form-urlencoded 233
2022-11-23 11:16:44.290 +05:30  DBG  Wildcard detected, all requests with hosts will be allowed.
2022-11-23 11:16:44.291 +05:30  DBG  POST requests are not supported
2022-11-23 11:16:44.312 +05:30  DBG  2 candidate(s) found for the request path '/FoodSite/CreateAccount'
2022-11-23 11:16:44.315 +05:30  DBG  Endpoint 'FoodDeliveryApplication.Controllers.FoodSiteController.CreateAccount (FoodDeliveryApplication)' with route pattern '{controller=Home}/{action=Index}/{id?}' is valid for the request path '/FoodSite/CreateAccount'
2022-11-23 11:16:44.315 +05:30  DBG  Endpoint 'FoodDeliveryApplication.Controllers.FoodSiteController.CreateAccount (FoodDeliveryApplication)' with route pattern '{controller=Home}/{action=Index}/{id?}' is valid for the request path '/FoodSite/CreateAccount'
2022-11-23 11:16:44.315 +05:30  DBG  Request matched endpoint 'FoodDeliveryApplication.Controllers.FoodSiteController.CreateAccount (FoodDeliveryApplication)'
2022-11-23 11:16:44.319 +05:30  INF  Executing endpoint 'FoodDeliveryApplication.Controllers.FoodSiteController.CreateAccount (FoodDeliveryApplication)'
2022-11-23 11:16:44.344 +05:30  INF  Route matched with {action = "CreateAccount", controller = "FoodSite"}. Executing controller action with signature Microsoft.AspNetCore.Mvc.IActionResult CreateAccount(FoodDeliveryApplication.Models.SignUp) on controller FoodDeliveryApplication.Controllers.FoodSiteController (FoodDeliveryApplication).
2022-11-23 11:16:44.345 +05:30  DBG  Execution plan of authorization filters (in the following order): ["None"]
2022-11-23 11:16:44.345 +05:30  DBG  Execution plan of resource filters (in the following order): ["Microsoft.AspNetCore.Mvc.ViewFeatures.Filters.SaveTempDataFilter"]
2022-11-23 11:16:44.345 +05:30  DBG  Execution plan of action filters (in the following order): ["Microsoft.AspNetCore.Mvc.Filters.ControllerActionFilter (Order: -2147483648)","Microsoft.AspNetCore.Mvc.ModelBinding.UnsupportedContentTypeFilter (Order: -3000)"]
2022-11-23 11:16:44.345 +05:30  DBG  Execution plan of exception filters (in the following order): ["FoodDeliveryApplication.CustomExceptionFilter"]
2022-11-23 11:16:44.345 +05:30  DBG  Execution plan of result filters (in the following order): ["Microsoft.AspNetCore.Mvc.ViewFeatures.Filters.SaveTempDataFilter"]
2022-11-23 11:16:44.346 +05:30  DBG  Executing controller factory for controller FoodDeliveryApplication.Controllers.FoodSiteController (FoodDeliveryApplication)
2022-11-23 11:16:44.346 +05:30  DBG  Executed controller factory for controller FoodDeliveryApplication.Controllers.FoodSiteController (FoodDeliveryApplication)
2022-11-23 11:16:44.355 +05:30  DBG  Connection id "0HMMD2OD5OMO9", Request id "0HMMD2OD5OMO9:00000001": started reading request body.
2022-11-23 11:16:44.355 +05:30  DBG  Connection id "0HMMD2OD5OMO9", Request id "0HMMD2OD5OMO9:00000001": done reading request body.
2022-11-23 11:16:44.358 +05:30  DBG  Attempting to bind parameter 'signup' of type 'FoodDeliveryApplication.Models.SignUp' ...
2022-11-23 11:16:44.360 +05:30  DBG  Attempting to bind parameter 'signup' of type 'FoodDeliveryApplication.Models.SignUp' using the name '' in request data ...
2022-11-23 11:16:44.362 +05:30  DBG  Attempting to bind property 'FoodDeliveryApplication.Models.SignUp.UserName' of type 'System.String' using the name 'UserName' in request data ...
2022-11-23 11:16:44.362 +05:30  DBG  Done attempting to bind property 'FoodDeliveryApplication.Models.SignUp.UserName' of type 'System.String'.
2022-11-23 11:16:44.363 +05:30  DBG  Attempting to bind property 'FoodDeliveryApplication.Models.SignUp.Email' of type 'System.String' using the name 'Email' in request data ...
2022-11-23 11:16:44.363 +05:30  DBG  Done attempting to bind property 'FoodDeliveryApplication.Models.SignUp.Email' of type 'System.String'.
2022-11-23 11:16:44.363 +05:30  DBG  Attempting to bind property 'FoodDeliveryApplication.Models.SignUp.Password' of type 'System.String' using the name 'Password' in request data ...
2022-11-23 11:16:44.363 +05:30  DBG  Done attempting to bind property 'FoodDeliveryApplication.Models.SignUp.Password' of type 'System.String'.
2022-11-23 11:16:44.363 +05:30  DBG  Done attempting to bind parameter 'signup' of type 'FoodDeliveryApplication.Models.SignUp'.
2022-11-23 11:16:44.363 +05:30  DBG  Done attempting to bind parameter 'signup' of type 'FoodDeliveryApplication.Models.SignUp'.
2022-11-23 11:16:44.363 +05:30  DBG  Attempting to validate the bound parameter 'signup' of type 'FoodDeliveryApplication.Models.SignUp' ...
2022-11-23 11:16:44.366 +05:30  DBG  Done attempting to validate the bound parameter 'signup' of type 'FoodDeliveryApplication.Models.SignUp'.
2022-11-23 11:16:44.618 +05:30  INF  A new Account Created with UserName John
2022-11-23 11:16:44.620 +05:30  DBG  View lookup cache miss for view 'Login' in controller 'FoodSite'.
2022-11-23 11:16:44.623 +05:30  INF  Executing ViewResult, running view Login.
2022-11-23 11:16:44.626 +05:30  DBG  The view path '/Views/FoodSite/Login.cshtml' was found in 3.7192ms.
2022-11-23 11:16:44.641 +05:30  DBG  An antiforgery cookie token was reused.
2022-11-23 11:16:44.694 +05:30  DBG  Found the endpoints ["Route: {controller=Home}/{action=Index}/{id?}"] for address Microsoft.AspNetCore.Routing.RouteValuesAddress
2022-11-23 11:16:44.698 +05:30  DBG  Successfully processed template {controller=Home}/{action=Index}/{id?} for Route: {controller=Home}/{action=Index}/{id?} resulting in /FoodSite/CreateAccount and 
2022-11-23 11:16:44.698 +05:30  DBG  Link generation succeeded for endpoints ["Route: {controller=Home}/{action=Index}/{id?}"] with result /FoodSite/CreateAccount
2022-11-23 11:16:44.699 +05:30  DBG  View lookup cache miss for view '_Layout' in controller 'FoodSite'.
2022-11-23 11:16:44.713 +05:30  DBG  Found the endpoints ["Route: {controller=Home}/{action=Index}/{id?}"] for address Microsoft.AspNetCore.Routing.RouteValuesAddress
2022-11-23 11:16:44.714 +05:30  DBG  Successfully processed template {controller=Home}/{action=Index}/{id?} for Route: {controller=Home}/{action=Index}/{id?} resulting in  and 
2022-11-23 11:16:44.714 +05:30  DBG  Link generation succeeded for endpoints ["Route: {controller=Home}/{action=Index}/{id?}"] with result /
2022-11-23 11:16:44.714 +05:30  DBG  Found the endpoints ["Route: {controller=Home}/{action=Index}/{id?}"] for address Microsoft.AspNetCore.Routing.RouteValuesAddress
2022-11-23 11:16:44.714 +05:30  DBG  Successfully processed template {controller=Home}/{action=Index}/{id?} for Route: {controller=Home}/{action=Index}/{id?} resulting in  and 
2022-11-23 11:16:44.714 +05:30  DBG  Link generation succeeded for endpoints ["Route: {controller=Home}/{action=Index}/{id?}"] with result /
2022-11-23 11:16:44.714 +05:30  DBG  Found the endpoints ["Route: {controller=Home}/{action=Index}/{id?}"] for address Microsoft.AspNetCore.Routing.RouteValuesAddress
2022-11-23 11:16:44.714 +05:30  DBG  Successfully processed template {controller=Home}/{action=Index}/{id?} for Route: {controller=Home}/{action=Index}/{id?} resulting in /FoodSite/CreateAccount and 
2022-11-23 11:16:44.714 +05:30  DBG  Link generation succeeded for endpoints ["Route: {controller=Home}/{action=Index}/{id?}"] with result /FoodSite/CreateAccount
2022-11-23 11:16:44.714 +05:30  DBG  Found the endpoints ["Route: {controller=Home}/{action=Index}/{id?}"] for address Microsoft.AspNetCore.Routing.RouteValuesAddress
2022-11-23 11:16:44.715 +05:30  DBG  Successfully processed template {controller=Home}/{action=Index}/{id?} for Route: {controller=Home}/{action=Index}/{id?} resulting in /FoodSite/Login and 
2022-11-23 11:16:44.715 +05:30  DBG  Link generation succeeded for endpoints ["Route: {controller=Home}/{action=Index}/{id?}"] with result /FoodSite/Login
2022-11-23 11:16:44.715 +05:30  DBG  View lookup cache miss for view '_Notification' in controller 'FoodSite'.
2022-11-23 11:16:44.717 +05:30  DBG  The temp data cookie .AspNetCore.Mvc.CookieTempDataProvider was not found.
2022-11-23 11:16:44.717 +05:30  DBG  Found the endpoints ["Route: {controller=Home}/{action=Index}/{id?}"] for address Microsoft.AspNetCore.Routing.RouteValuesAddress
2022-11-23 11:16:44.717 +05:30  DBG  Successfully processed template {controller=Home}/{action=Index}/{id?} for Route: {controller=Home}/{action=Index}/{id?} resulting in /Home/Privacy and 
2022-11-23 11:16:44.717 +05:30  DBG  Link generation succeeded for endpoints ["Route: {controller=Home}/{action=Index}/{id?}"] with result /Home/Privacy
2022-11-23 11:16:44.827 +05:30  INF  Executed ViewResult - view Login executed in 208.1891ms.
2022-11-23 11:16:44.830 +05:30  INF  Executed action FoodDeliveryApplication.Controllers.FoodSiteController.CreateAccount (FoodDeliveryApplication) in 484.5754ms
2022-11-23 11:16:44.830 +05:30  INF  Executed endpoint 'FoodDeliveryApplication.Controllers.FoodSiteController.CreateAccount (FoodDeliveryApplication)'
2022-11-23 11:16:44.835 +05:30  DBG  Response markup is scheduled to include browser refresh script injection.
2022-11-23 11:16:44.850 +05:30  DBG  Response markup was updated to include browser refresh script injection.
2022-11-23 11:16:44.854 +05:30  INF  Request finished HTTP/2 POST https://localhost:7119/FoodSite/CreateAccount application/x-www-form-urlencoded 233 - 200 - text/html;+charset=utf-8 591.1822ms
2022-11-23 11:16:44.908 +05:30  INF  Request starting HTTP/2 GET https://localhost:7119/_vs/browserLink - -
2022-11-23 11:16:44.908 +05:30  INF  Request starting HTTP/2 GET https://localhost:7119/_framework/aspnetcore-browser-refresh.js - -
2022-11-23 11:16:44.911 +05:30  INF  Request finished HTTP/2 GET https://localhost:7119/_framework/aspnetcore-browser-refresh.js - - - 200 12016 application/javascript;+charset=utf-8 3.0582ms
2022-11-23 11:16:44.920 +05:30  INF  Request finished HTTP/2 GET https://localhost:7119/_vs/browserLink - - - 200 - text/javascript;+charset=UTF-8 12.4213ms
