2022-11-15 10:23:20.188 +05:30  INF  Surya Logged in
2022-11-15 10:26:44.576 +05:30  INF  Item:["Dosa"] added to cart by the user:Surya of Quantity:["1"]
2022-11-15 10:28:17.359 +05:30  INF  Order placed with username Surya 
2022-11-15 11:10:42.104 +05:30  INF  null Logged Out
2022-11-15 11:10:49.059 +05:30  INF  Surya Logged in
2022-11-15 11:16:09.777 +05:30  INF  Item:["Idli Sambar"] added to cart by the user:Surya of Quantity:["2"]
2022-11-15 11:16:12.682 +05:30  INF  Item:["Wada Sambar"] added to cart by the user:Surya of Quantity:["2"]
2022-11-15 11:16:17.808 +05:30  DBG  Order placed by user Surya, Items: ,Idli Sambar,Wada Sambar
2022-11-15 11:20:14.247 +05:30  INF  null Logged Out
2022-11-15 11:20:34.016 +05:30  INF  Surya Logged in
2022-11-15 11:22:57.550 +05:30  INF  Item:["Dosa"] added to cart by the user:Surya of Quantity:["1"]
2022-11-15 11:22:59.311 +05:30  INF  Item:["Idli Sambar"] added to cart by the user:Surya of Quantity:["1"]
2022-11-15 11:23:02.800 +05:30  DBG  Order placed by user Surya, Items: Idli Sambar,Dosa,
2022-11-15 11:34:38.120 +05:30  INF  Surya Logged Out
2022-11-15 11:34:48.667 +05:30  ERR  Invalid User Details Entered
2022-11-15 11:35:04.091 +05:30  INF  User does not Exist
2022-11-15 11:35:08.034 +05:30  INF  User does not Exist
2022-11-15 11:35:13.730 +05:30  INF  Surya Logged in
2022-11-15 11:35:58.357 +05:30  INF  Surya Logged Out
2022-11-15 11:36:01.815 +05:30  INF  Surya Logged in
2022-11-15 11:37:38.828 +05:30  INF  Surya Logged Out
2022-11-15 11:37:50.324 +05:30  INF  Surya Logged in
2022-11-15 14:05:15.748 +05:30  INF  Surya Logged Out
2022-11-15 14:09:08.472 +05:30  INF  Surya Logged in
2022-11-15 14:09:24.922 +05:30  INF  Surya Logged Out
2022-11-15 17:26:56.066 +05:30  INF  Surya Logged in
