2022-12-21 12:26:15.555 +05:30  DBG  Initializing Razor view compiler with compiled view: '/Views/FoodSite/AccountCreated.cshtml'.
2022-12-21 12:26:15.613 +05:30  DBG  Initializing Razor view compiler with compiled view: '/Views/FoodSite/CancelOrder.cshtml'.
2022-12-21 12:26:15.613 +05:30  DBG  Initializing Razor view compiler with compiled view: '/Views/FoodSite/Cart.cshtml'.
2022-12-21 12:26:15.613 +05:30  DBG  Initializing Razor view compiler with compiled view: '/Views/FoodSite/CreateAccount.cshtml'.
2022-12-21 12:26:15.613 +05:30  DBG  Initializing Razor view compiler with compiled view: '/Views/FoodSite/CustomerDetails.cshtml'.
2022-12-21 12:26:15.613 +05:30  DBG  Initializing Razor view compiler with compiled view: '/Views/FoodSite/Login.cshtml'.
2022-12-21 12:26:15.613 +05:30  DBG  Initializing Razor view compiler with compiled view: '/Views/FoodSite/Menu.cshtml'.
2022-12-21 12:26:15.613 +05:30  DBG  Initializing Razor view compiler with compiled view: '/Views/FoodSite/OrderStatus.cshtml'.
2022-12-21 12:26:15.613 +05:30  DBG  Initializing Razor view compiler with compiled view: '/Views/FoodSite/PlaceOrder.cshtml'.
2022-12-21 12:26:15.614 +05:30  DBG  Initializing Razor view compiler with compiled view: '/Views/FoodSite/Restaurants.cshtml'.
2022-12-21 12:26:15.614 +05:30  DBG  Initializing Razor view compiler with compiled view: '/Views/Home/Index.cshtml'.
2022-12-21 12:26:15.614 +05:30  DBG  Initializing Razor view compiler with compiled view: '/Views/Home/Privacy.cshtml'.
2022-12-21 12:26:15.614 +05:30  DBG  Initializing Razor view compiler with compiled view: '/Views/Shared/Error.cshtml'.
2022-12-21 12:26:15.614 +05:30  DBG  Initializing Razor view compiler with compiled view: '/Views/Shared/_Notification.cshtml'.
2022-12-21 12:26:15.614 +05:30  DBG  Initializing Razor view compiler with compiled view: '/Views/Shared/_ValidationScriptsPartial.cshtml'.
2022-12-21 12:26:15.614 +05:30  DBG  Initializing Razor view compiler with compiled view: '/Views/_ViewImports.cshtml'.
2022-12-21 12:26:15.614 +05:30  DBG  Initializing Razor view compiler with compiled view: '/Views/_ViewStart.cshtml'.
2022-12-21 12:26:15.614 +05:30  DBG  Initializing Razor view compiler with compiled view: '/Views/Shared/_Layout.cshtml'.
2022-12-21 12:26:15.626 +05:30  DBG  Registered model binder providers, in the following order: ["Microsoft.AspNetCore.Mvc.ModelBinding.Binders.BinderTypeModelBinderProvider","Microsoft.AspNetCore.Mvc.ModelBinding.Binders.ServicesModelBinderProvider","Microsoft.AspNetCore.Mvc.ModelBinding.Binders.BodyModelBinderProvider","Microsoft.AspNetCore.Mvc.ModelBinding.Binders.HeaderModelBinderProvider","Microsoft.AspNetCore.Mvc.ModelBinding.Binders.FloatingPointTypeModelBinderProvider","Microsoft.AspNetCore.Mvc.ModelBinding.Binders.EnumTypeModelBinderProvider","Microsoft.AspNetCore.Mvc.ModelBinding.Binders.DateTimeModelBinderProvider","Microsoft.AspNetCore.Mvc.ModelBinding.Binders.SimpleTypeModelBinderProvider","Microsoft.AspNetCore.Mvc.ModelBinding.Binders.CancellationTokenModelBinderProvider","Microsoft.AspNetCore.Mvc.ModelBinding.Binders.ByteArrayModelBinderProvider","Microsoft.AspNetCore.Mvc.ModelBinding.Binders.FormFileModelBinderProvider","Microsoft.AspNetCore.Mvc.ModelBinding.Binders.FormCollectionModelBinderProvider","Microsoft.AspNetCore.Mvc.ModelBinding.Binders.KeyValuePairModelBinderProvider","Microsoft.AspNetCore.Mvc.ModelBinding.Binders.DictionaryModelBinderProvider","Microsoft.AspNetCore.Mvc.ModelBinding.Binders.ArrayModelBinderProvider","Microsoft.AspNetCore.Mvc.ModelBinding.Binders.CollectionModelBinderProvider","Microsoft.AspNetCore.Mvc.ModelBinding.Binders.ComplexObjectModelBinderProvider"]
2022-12-21 12:26:15.764 +05:30  DBG  Hosting starting
2022-12-21 12:26:15.869 +05:30  INF  User profile is available. Using 'C:\Users\vempadapu_prasanth\AppData\Local\ASP.NET\DataProtection-Keys' as key repository and Windows DPAPI to encrypt keys at rest.
2022-12-21 12:26:15.874 +05:30  DBG  Reading data from file 'C:\Users\vempadapu_prasanth\AppData\Local\ASP.NET\DataProtection-Keys\key-145d6bc5-9b80-46f7-95e8-86825b150bd1.xml'.
2022-12-21 12:26:15.884 +05:30  DBG  Reading data from file 'C:\Users\vempadapu_prasanth\AppData\Local\ASP.NET\DataProtection-Keys\key-983f3911-cbc1-4ebd-a3d7-1e526b3d543b.xml'.
2022-12-21 12:26:15.887 +05:30  DBG  Reading data from file 'C:\Users\vempadapu_prasanth\AppData\Local\ASP.NET\DataProtection-Keys\key-ee8e50a4-7c5c-4f1a-b2fd-e71076cf28c9.xml'.
2022-12-21 12:26:15.896 +05:30  DBG  Found key {145d6bc5-9b80-46f7-95e8-86825b150bd1}.
2022-12-21 12:26:15.899 +05:30  DBG  Found key {983f3911-cbc1-4ebd-a3d7-1e526b3d543b}.
2022-12-21 12:26:15.899 +05:30  DBG  Found key {ee8e50a4-7c5c-4f1a-b2fd-e71076cf28c9}.
2022-12-21 12:26:15.910 +05:30  DBG  Considering key {145d6bc5-9b80-46f7-95e8-86825b150bd1} with expiration date 2023-02-06 05:21:42Z as default key.
2022-12-21 12:26:15.912 +05:30  DBG  Forwarded activator type request from Microsoft.AspNetCore.DataProtection.XmlEncryption.DpapiXmlDecryptor, Microsoft.AspNetCore.DataProtection, Version=6.0.0.0, Culture=neutral, PublicKeyToken=adb9793829ddae60 to Microsoft.AspNetCore.DataProtection.XmlEncryption.DpapiXmlDecryptor, Microsoft.AspNetCore.DataProtection, Culture=neutral, PublicKeyToken=adb9793829ddae60
2022-12-21 12:26:15.917 +05:30  DBG  Decrypting secret element using Windows DPAPI.
2022-12-21 12:26:15.919 +05:30  DBG  Forwarded activator type request from Microsoft.AspNetCore.DataProtection.AuthenticatedEncryption.ConfigurationModel.AuthenticatedEncryptorDescriptorDeserializer, Microsoft.AspNetCore.DataProtection, Version=6.0.0.0, Culture=neutral, PublicKeyToken=adb9793829ddae60 to Microsoft.AspNetCore.DataProtection.AuthenticatedEncryption.ConfigurationModel.AuthenticatedEncryptorDescriptorDeserializer, Microsoft.AspNetCore.DataProtection, Culture=neutral, PublicKeyToken=adb9793829ddae60
2022-12-21 12:26:15.924 +05:30  DBG  Opening CNG algorithm 'AES' from provider 'null' with chaining mode CBC.
2022-12-21 12:26:15.926 +05:30  DBG  Opening CNG algorithm 'SHA256' from provider 'null' with HMAC.
2022-12-21 12:26:15.928 +05:30  DBG  Using key {145d6bc5-9b80-46f7-95e8-86825b150bd1} as the default key.
2022-12-21 12:26:15.929 +05:30  DBG  Key ring with default key {145d6bc5-9b80-46f7-95e8-86825b150bd1} was loaded during application startup.
2022-12-21 12:26:16.132 +05:30  DBG  Using development certificate: CN=localhost (Thumbprint: EE083130DAA066F7C4047739CDECB20D4A2050C1)
